waiting for 1 second sample...

# INFINIBAND STATISTICS (/sec)
#Time     HCA    KBIn   PktIn  SizeIn   KBOut  PktOut SizeOut  Errors
16:18:10    0       0       0       0       0       0       0       0
16:18:11    0      49    2512      20  549784  520766    1081       0
16:18:12    0     146    7497      20 1631473   1546K    1080       0
16:18:13    0      68    3487      20  754742  713847    1083       0
16:18:14    0       0       0       0       0       0       0       0
16:18:15    0     107    5494      20 1188850   1127K    1080       0
16:18:16    0     426   21823      20 4724078   4474K    1081       0
16:18:17    0     426   21795      20 4721414   4472K    1081       0
16:18:18    0     426   21831      20 4725117   4475K    1081       0
16:18:19    0     426   21832      20 4724849   4475K    1081       0
16:18:20    0     426   21829      20 4724569   4475K    1081       0
16:18:21    0      52    2674      20  586784  554703    1083       0
16:18:22    0       0       0       0       0       0       0       0
16:18:23    0       0       0       0       0       0       0       0
16:18:24    0      10     521      20  118601  112345    1081       0
16:18:25    0       0       0       0       0       0       0       0
16:18:26    0       0       0       0       0       0       0       0
16:18:27    0       0       0       0       0       0       0       0
16:18:28    0       1      32      20     274     260    1078       0
16:18:29    0       0       0       0       0       0       0       0
16:18:30    0       0       0       0       0       0       0       0
16:18:31    0       0       0       0       0       0       0       0

# INFINIBAND STATISTICS (/sec)
#Time     HCA    KBIn   PktIn  SizeIn   KBOut  PktOut SizeOut  Errors
16:18:32    0       0       0       0       0       0       0       0
16:18:33    0     361   18509      20 4010643   3799K    1081       0
16:18:34    0      26    1330      20  313822  296533    1084       0
16:18:35    0       0       0       0       0       0       0       0
16:18:36    0       0       0       0       0       0       0       0
16:18:37    0     249   12775      20 2758902   2614K    1081       0
16:18:38    0     426   21820      20 4723442   4474K    1081       0
16:18:39    0      61    3100      20  676892  640044    1083       0
16:18:40    0       0       0       0       0       0       0       0
16:18:41    0     107    5469      20 1183186   1121K    1080       0
16:18:42    0     423   21627      20 4689125   4440K    1081       0
16:18:43    0       0       0       0       0       0       0       0
16:18:44    0       0       0       0       0       0       0       0
16:18:45    0       0       0       0       0       0       0       0
16:18:46    0     391   20014      20 4332328   4104K    1081       0
16:18:47    0     340   17378      20 3768413   3568K    1081       0
16:18:48    0       0       0       0       0       0       0       0
16:18:49    0       0       0       0       0       0       0       0
16:18:50    0     248   12728      20 2755471   2610K    1081       0
16:18:51    0     181    9281      20 2016753   1909K    1082       0
16:18:52    0       0       0       0       0       0       0       0
16:18:53    0       0       0       0       0       0       0       0

# INFINIBAND STATISTICS (/sec)
#Time     HCA    KBIn   PktIn  SizeIn   KBOut  PktOut SizeOut  Errors
16:18:54    0     106    5451      20 1180024   1118K    1080       0
16:18:55    0     369   18877      20 4095563   3878K    1081       0
16:18:56    0       0       0       0       0       0       0       0
16:18:57    0       0       0       0       0       0       0       0
16:18:58    0       0       0       0       0       0       0       0
16:18:59    0     391   20003      20 4328948   4101K    1081       0
16:19:00    0     176    8991      20 1956881   1852K    1082       0
16:19:01    0       0       0       0       0       0       0       0
16:19:02    0       0       0       0       0       0       0       0
16:19:03    0     151    7719      20 1675230   1586K    1081       0
16:19:04    0       0       0       0       0       0       0       0
16:19:05    0       0       0       0       0       0       0       0
16:19:06    0       0       0       0       0       0       0       0
16:19:07    0     106    5440      20 1176738   1115K    1080       0
16:19:08    0     321   16403      20 3558215   3369K    1081       0
16:19:09    0      35    1806      20  389644  370290    1078       0
16:19:10    0     209   10702      20 2319836   2196K    1082       0
16:19:11    0       0       0       0       0       0       0       0
16:19:12    0     390   19962      20 4326183   4098K    1081       0
16:19:13    0     189    9685      20 2098048   1986K    1082       0
16:19:14    0       0       0       0       0       0       0       0
16:19:15    0       0       0       0       0       0       0       0

# INFINIBAND STATISTICS (/sec)
#Time     HCA    KBIn   PktIn  SizeIn   KBOut  PktOut SizeOut  Errors
16:19:16    0     248   12710      20 2750715   2606K    1081       0
16:19:17    0     268   13738      20 2982266   2823K    1081       0
16:19:18    0       0       0       0       0       0       0       0
16:19:19    0       0       0       0       0       0       0       0
16:19:20    0     105    5375      20 1161585   1101K    1080       0
16:19:21    0     258   13190      20 2869650   2717K    1081       0
16:19:22    0       0       0       0       0       0       0       0
16:19:23    0       0       0       0       0       0       0       0
16:19:24    0       0       0       0       0       0       0       0
16:19:25    0     223   11401      20 2490454   2358K    1081       0
16:19:26    0       0       0       0       0       0       0       0
16:19:27    0       0       0       0       0       0       0       0
16:19:28    0       0       0       0       0       0       0       0
16:19:29    0     248   12688      20 2741304   2597K    1081       0
16:19:30    0     426   21834      20 4724767   4475K    1081       0
16:19:31    0     292   14925      20 3242400   3070K    1081       0
16:19:32    0       0       0       0       0       0       0       0
16:19:33    0       0      16      20     140     133    1075       0
16:19:34    0       0       0       0       0       0       0       0
16:19:35    0       0       0       0       0       0       0       0
16:19:36    0       0       0       0       0       0       0       0
16:19:37    0       0       0       0       0       0       0       0

# INFINIBAND STATISTICS (/sec)
#Time     HCA    KBIn   PktIn  SizeIn   KBOut  PktOut SizeOut  Errors
16:19:38    0     387   19811      20 4295812   4070K    1081       0
16:19:39    0     426   21826      20 4724430   4475K    1081       0
16:19:40    0     215   10992      20 2384142   2256K    1082       0
16:19:41    0     270   13828      20 3024286   2864K    1081       0
16:19:42    0       0       0       0       0       0       0       0
16:19:43    0       0       0       0       0       0       0       0
16:19:44    0      61    3144      20  673249  638822    1079       0
16:19:45    0      49    2499      20  541234  511552    1083       0
16:19:46    0       0       0       0       0       0       0       0
16:19:47    0       0       0       0       0       0       0       0
16:19:48    0      34    1760      20  380208  361232    1078       0
16:19:49    0     426   21810      20 4724227   4474K    1081       0
16:19:50    0     178    9126      20 1975486   1870K    1082       0
16:19:51    0     169    8637      20 1868987   1771K    1080       0
16:19:52    0     184    9423      20 2039352   1931K    1081       0
16:19:53    0     426   21816      20 4725166   4475K    1081       0
16:19:54    0     163    8364      20 1811732   1715K    1082       0
16:19:55    0       0       0       0       0       0       0       0
16:19:56    0       0       0       0       0       0       0       0
16:19:57    0     176    9021      20 1946054   1844K    1080       0
16:19:58    0     426   21819      20 4724215   4474K    1081       0
16:19:59    0      28    1451      20  318255  300364    1085       0

# INFINIBAND STATISTICS (/sec)
#Time     HCA    KBIn   PktIn  SizeIn   KBOut  PktOut SizeOut  Errors
16:20:00    0       0       0       0       0       0       0       0
16:20:01    0      34    1750      20  378244  359399    1078       0
16:20:02    0     383   19584      20 4245309   4020K    1081       0
16:20:03    0       0       0       0       0       0       0       0
16:20:04    0     198   10162      20 2198876   2082K    1081       0
16:20:05    0       0       0       0       0       0       0       0
16:20:06    0     107    5497      20 1189255   1126K    1081       0
16:20:07    0       0       0       0       0       0       0       0
16:20:08    0      87    4460      20  975917  924402    1081       0
16:20:09    0       0       0       0       0       0       0       0
16:20:10    0       4     187      20   40041   37927    1081       0
16:20:11    0       0       0       0       0       0       0       0
16:20:12    0     105    5374      20 1162622   1102K    1080       0
16:20:13    0     426   21788      20 4716327   4467K    1081       0
16:20:14    0     426   21830      20 4724768   4475K    1081       0
16:20:15    0     415   21237      20 4596921   4353K    1081       0
16:20:16    0     180    9216      20 1993480   1889K    1080       0
16:20:17    0     180    9230      20 1998413   1893K    1081       0
16:20:18    0     221   11306      20 2455347   2324K    1082       0
16:20:19    0     245   12547      20 2714982   2572K    1081       0
16:20:20    0      42    2153      20  466460  440773    1084       0
16:20:21    0     230   11791      20 2550986   2417K    1081       0

# INFINIBAND STATISTICS (/sec)
#Time     HCA    KBIn   PktIn  SizeIn   KBOut  PktOut SizeOut  Errors
16:20:22    0      60    3084      20  668330  631909    1083       0
16:20:23    0      83    4239      20  921418  872778    1081       0
16:20:24    0       0       0       0       0       0       0       0
16:20:25    0     105    5364      20 1160487   1100K    1080       0
16:20:26    0     420   21482      20 4649528   4404K    1081       0
16:20:27    0     169    8641      20 1870104   1771K    1081       0
16:20:28    0     274   13999      20 3030528   2869K    1081       0
16:20:29    0     110    5610      20 1214142   1150K    1081       0
16:20:30    0       0       0       0       0       0       0       0
16:20:31    0       0       0       0       0       0       0       0
16:20:32    0     144    7354      20 1609147   1524K    1081       0
16:20:33    0       0       0       0       0       0       0       0
16:20:34    0       0       0       0       0       0       0       0
16:20:35    0       0       0       0       0       0       0       0
16:20:36    0     175    8963      20 1936158   1835K    1080       0
16:20:37    0     426   21830      20 4724820   4475K    1081       0
16:20:38    0     426   21835      20 4725212   4475K    1081       0
16:20:39    0     426   21802      20 4724073   4474K    1081       0
16:20:40    0     123    6312      20 1366866   1293K    1082       0
16:20:41    0       0       0       0       0       0       0       0
16:20:42    0     376   19235      20 4162730   3944K    1081       0
16:20:43    0     171    8758      20 1896257   1796K    1081       0

# INFINIBAND STATISTICS (/sec)
#Time     HCA    KBIn   PktIn  SizeIn   KBOut  PktOut SizeOut  Errors
16:20:44    0     234   11997      20 2608315   2469K    1082       0
16:20:45    0       1      30      20    6493    6150    1081       0
16:20:46    0       0       0       0       0       0       0       0
16:20:47    0     174    8931      20 1927298   1825K    1081       0
16:20:48    0       0       0       0       0       0       0       0
16:20:49    0       0       0       0       0       0       0       0
16:20:50    0       0       0       0       0       0       0       0
16:20:51    0     104    5311      20 1149911   1090K    1080       0
16:20:52    0     426   21828      20 4724294   4474K    1081       0
16:20:53    0     416   21310      20 4611906   4368K    1081       0
16:20:54    0     236   12075      20 2613973   2474K    1082       0
16:20:55    0       0       0       0       0       0       0       0
16:20:56    0       0       0       0       0       0       0       0
16:20:57    0     231   11845      20 2562998   2428K    1081       0
16:20:58    0      61    3135      20  679403  642409    1083       0
16:20:59    0     281   14385      20 3122176   2957K    1081       0
16:21:00    0       0       0       0       0       0       0       0
16:21:01    0       0       0       0       0       0       0       0
16:21:02    0       0       0       0       0       0       0       0
16:21:03    0     290   14840      20 3213062   3043K    1081       0
16:21:04    0      76    3867      20  836483  792327    1081       0
16:21:05    0      68    3504      20  757849  718957    1079       0

# INFINIBAND STATISTICS (/sec)
#Time     HCA    KBIn   PktIn  SizeIn   KBOut  PktOut SizeOut  Errors
16:21:06    0      93    4758      20 1029820  974345    1082       0
16:21:07    0       0       0       0       0       0       0       0
16:21:08    0      39    1982      20  428523  405902    1081       0
16:21:09    0       0       0       0       0       0       0       0
16:21:10    0       0      23      20    4911    4651    1081       0
16:21:11    0       0       0       0       0       0       0       0
16:21:12    0     275   14104      20 3060924   2900K    1081       0
16:21:13    0     322   16461      20 3567267   3377K    1081       0
16:21:14    0       0       0       0       0       0       0       0
16:21:15    0     175    8951      20 1936631   1835K    1080       0
16:21:16    0     426   21814      20 4723853   4474K    1081       0
16:21:17    0      90    4578      20  997733  943965    1082       0
16:21:18    0       0       0       0       0       0       0       0
16:21:19    0      32    1668      20  360459  342516    1078       0
16:21:20    0     426   21825      20 4724969   4475K    1081       0
16:21:21    0     426   21832      20 4725214   4475K    1081       0
16:21:22    0     426   21826      20 4724532   4475K    1081       0
16:21:23    0     149    7633      20 1653876   1565K    1082       0
16:21:24    0       0       0       0       0       0       0       0
16:21:25    0       0       0       0       0       0       0       0
16:21:26    0       0      18      20     270     256    1078       0
16:21:27    0       0       0       0       0       0       0       0

# INFINIBAND STATISTICS (/sec)
#Time     HCA    KBIn   PktIn  SizeIn   KBOut  PktOut SizeOut  Errors
16:21:28    0       0       0       0       0       0       0       0
16:21:29    0       0       0       0       0       0       0       0
16:21:30    0     103    5301      20 1145822   1086K    1080       0
16:21:31    0     324   16578      20 3592795   3402K    1081       0
16:21:32    0       0       0       0       0       0       0       0
16:21:33    0       0       0       0       0       0       0       0
16:21:34    0       0       0       0       0       0       0       0
16:21:35    0     387   19840      20 4289899   4064K    1081       0
16:21:36    0      59    3030      20  673633  636959    1083       0
16:21:37    0       0       0       0       0       0       0       0
16:21:38    0       0       0       0       0       0       0       0
16:21:39    0     245   12565      20 2718658   2576K    1081       0
16:21:40    0     242   12390      20 2693906   2550K    1082       0
16:21:41    0       0       0       0       0       0       0       0
16:21:42    0       0       0       0       0       0       0       0
16:21:43    0     103    5285      20 1142688   1083K    1080       0
16:21:44    0     426   21818      20 4722670   4473K    1081       0
16:21:45    0     148    7559      20 1642429   1554K    1082       0
16:21:46    0       0       0       0       0       0       0       0
16:21:47    0       0       0       0       0       0       0       0
16:21:48    0       1      32      20     270     256    1078       0
16:21:49    0       0       0       0       0       0       0       0

# INFINIBAND STATISTICS (/sec)
#Time     HCA    KBIn   PktIn  SizeIn   KBOut  PktOut SizeOut  Errors
16:21:50    0       0       0       0       0       0       0       0
16:21:51    0       0       0       0       0       0       0       0
16:21:52    0     245   12551      20 2715804   2573K    1081       0
16:21:53    0     426   21821      20 4724017   4474K    1081       0
16:21:54    0     426   21830      20 4724831   4475K    1081       0
16:21:55    0     426   21832      20 4725276   4475K    1081       0
16:21:56    0     406   20765      20 4498067   4259K    1081       0
16:21:57    0     208   10665      20 2315160   2194K    1081       0
16:21:58    0      27    1356      20  294108  277517    1085       0
16:21:59    0       0       0       0       0       0       0       0
16:22:00    0       0       0       0       0       0       0       0
16:22:01    0     387   19812      20 4289079   4063K    1081       0
16:22:02    0     219   11197      20 2429329   2299K    1082       0
16:22:03    0       0       0       0       0       0       0       0
16:22:04    0       0      22      20    4331    4102    1081       0
16:22:05    0       0       0       0       0       0       0       0
16:22:06    0     209   10710      20 2319223   2198K    1080       0
16:22:07    0     394   20173      20 4366442   4134K    1081       0
16:22:08    0       0       0       0       0       0       0       0
16:22:09    0      49    2522      20  545392  516602    1081       0
16:22:10    0       0       0       0       0       0       0       0
16:22:11    0      31    1571      20  342513  325246    1078       0

# INFINIBAND STATISTICS (/sec)
#Time     HCA    KBIn   PktIn  SizeIn   KBOut  PktOut SizeOut  Errors
16:22:12    0     215   11001      20 2386451   2259K    1081       0
16:22:13    0       0       0       0       0       0       0       0
16:22:14    0       0       0       0       0       0       0       0
16:22:15    0       0       0       0       0       0       0       0
16:22:16    0      90    4586      20  999437  946675    1081       0
16:22:17    0       0       0       0       0       0       0       0
16:22:18    0       0       0       0       0       0       0       0
16:22:19    0       0       0       0       0       0       0       0
16:22:20    0     135    6911      20 1501719   1422K    1081       0
16:22:21    0       0       0       0       0       0       0       0
16:22:22    0       0       0       0       0       0       0       0
16:22:23    0       0       0       0       0       0       0       0
16:22:24    0       0      20      20     201     192    1072       0
16:22:25    0       0       0       0       0       0       0       0
16:22:26    0       0       0       0       0       0       0       0
16:22:27    0       0       0       0       0       0       0       0
16:22:28    0       0       0       0       0       0       0       0
16:22:29    0     315   16152      20 3494975   3311K    1081       0
16:22:30    0      58    2948      20  639197  604405    1083       0
16:22:31    0       0       0       0       0       0       0       0
16:22:32    0       0       0       0       0       0       0       0
16:22:33    0       0      19      20     546     520    1075       0

# INFINIBAND STATISTICS (/sec)
#Time     HCA    KBIn   PktIn  SizeIn   KBOut  PktOut SizeOut  Errors
16:22:34    0       0       0       0       0       0       0       0
16:22:35    0       0       0       0       0       0       0       0
16:22:36    0       0       0       0       0       0       0       0
16:22:37    0       2      80      20   11086   10503    1081       0
16:22:38    0       0       0       0       0       0       0       0
16:22:39    0       0       0       0       0       0       0       0
16:22:40    0       0       0       0       0       0       0       0
16:22:41    0       0       0       0       0       0       0       0
16:22:42    0       0      22      20     113     108    1073       0
16:22:43    0       0       0       0       0       0       0       0
16:22:44    0       0       0       0       0       0       0       0
16:22:45    0       0       0       0       0       0       0       0
16:22:46    0     173    8862      20 1916836   1816K    1080       0
16:22:47    0     426   21822      20 4724337   4474K    1081       0
16:22:48    0     426   21830      20 4724545   4475K    1081       0
16:22:49    0     305   15598      20 3383639   3203K    1081       0
16:22:50    0       0       0       0       0       0       0       0
16:22:51    0       0       0       0       0       0       0       0
16:22:52    0       0       0       0       0       0       0       0
16:22:53    0     386   19767      20 4277277   4052K    1081       0
16:22:54    0      69    3534      20  766770  725223    1083       0
16:22:55    0       0       0       0       0       0       0       0

# INFINIBAND STATISTICS (/sec)
#Time     HCA    KBIn   PktIn  SizeIn   KBOut  PktOut SizeOut  Errors
16:22:56    0     292   14946      20 3242866   3071K    1081       0
16:22:57    0       0       0       0       0       0       0       0
16:22:58    0       0       0       0       0       0       0       0
16:22:59    0     141    7217      20 1565323   1483K    1080       0
16:23:00    0     326   16687      20 3614185   3422K    1081       0
16:23:01    0     119    6119      20 1323752   1254K    1080       0
16:23:02    0     170    8721      20 1887989   1787K    1082       0
16:23:03    0     340   17399      20 3764656   3567K    1081       0
16:23:04    0     204   10427      20 2261044   2140K    1082       0
16:23:05    0     208   10638      20 2301711   2181K    1081       0
16:23:06    0     143    7325      20 1586705   1501K    1082       0
16:23:07    0       0       0       0       0       0       0       0
16:23:08    0      61    3103      20  672837  637319    1081       0
16:23:09    0       0       0       0       0       0       0       0
16:23:10    0      23    1202      20  259712  246002    1081       0
16:23:11    0       0       0       0       0       0       0       0
16:23:12    0     172    8800      20 1909214   1809K    1080       0
16:23:13    0     281   14384      20 3134588   2968K    1081       0
16:23:14    0       0       0       0       0       0       0       0
16:23:15    0       0       0       0       0       0       0       0
16:23:16    0      30    1549      20  334868  318278    1077       0
16:23:17    0     426   21814      20 4724572   4475K    1081       0

# INFINIBAND STATISTICS (/sec)
#Time     HCA    KBIn   PktIn  SizeIn   KBOut  PktOut SizeOut  Errors
16:23:18    0     426   21827      20 4724433   4475K    1081       0
16:23:19    0     426   21832      20 4724458   4475K    1081       0
16:23:20    0     418   21398      20 4631188   4386K    1081       0
16:23:21    0     240   12289      20 2660701   2519K    1082       0
16:23:22    0     194    9919      20 2147796   2034K    1081       0
16:23:23    0       0       0       0       0       0       0       0
16:23:24    0       0       0       0       0       0       0       0
16:23:25    0     172    8815      20 1900874   1801K    1080       0
16:23:26    0     314   16076      20 3484300   3299K    1081       0
16:23:27    0       0       0       0       0       0       0       0
16:23:28    0       0       0       0       0       0       0       0
16:23:29    0      30    1535      20  331757  315299    1077       0
16:23:30    0      66    3363      20  734597  694763    1083       0
16:23:31    0       0       0       0       0       0       0       0
16:23:32    0       0       0       0       0       0       0       0
16:23:33    0       0       0       0       1       4     338       0
16:23:34    0       0       0       0       0       0       0       0
16:23:35    0       0       0       0       0       0       0       0
16:23:36    0       0       0       0       0       0       0       0
16:23:37    0       0       0       0       0       0       0       0
16:23:38    0       0       0       0       0       0       0       0
16:23:39    0       0       0       0       0       0       0       0

# INFINIBAND STATISTICS (/sec)
#Time     HCA    KBIn   PktIn  SizeIn   KBOut  PktOut SizeOut  Errors
16:23:40    0       0       0       0       0       0       0       0
16:23:41    0       0       0       0       0       0       0       0
16:23:42    0       0       0       0       0       0       0       0
Ouch!
