     rx_pause_prio_0: 0
     rx_pause_duration_prio_0: 881787
     rx_pause_transition_prio_0: 3403
     tx_pause_prio_0: 7503
     tx_pause_duration_prio_0: 0
     tx_pause_transition_prio_0: 0
     rx_pause_prio_1: 0
     rx_pause_duration_prio_1: 881787
     rx_pause_transition_prio_1: 3403
     tx_pause_prio_1: 7503
     tx_pause_duration_prio_1: 0
     tx_pause_transition_prio_1: 0
     rx_pause_prio_2: 0
     rx_pause_duration_prio_2: 881787
     rx_pause_transition_prio_2: 3403
     tx_pause_prio_2: 7503
     tx_pause_duration_prio_2: 0
     tx_pause_transition_prio_2: 0
     rx_pause_prio_3: 0
     rx_pause_duration_prio_3: 881787
     rx_pause_transition_prio_3: 3403
     tx_pause_prio_3: 7503
     tx_pause_duration_prio_3: 0
     tx_pause_transition_prio_3: 0
     rx_pause_prio_4: 0
     rx_pause_duration_prio_4: 881787
     rx_pause_transition_prio_4: 3403
     tx_pause_prio_4: 7503
     tx_pause_duration_prio_4: 0
     tx_pause_transition_prio_4: 0
     rx_pause_prio_5: 0
     rx_pause_duration_prio_5: 881787
     rx_pause_transition_prio_5: 3403
     tx_pause_prio_5: 7503
     tx_pause_duration_prio_5: 0
     tx_pause_transition_prio_5: 0
     rx_pause_prio_6: 0
     rx_pause_duration_prio_6: 881787
     rx_pause_transition_prio_6: 3403
     tx_pause_prio_6: 7503
     tx_pause_duration_prio_6: 0
     tx_pause_transition_prio_6: 0
     rx_pause_prio_7: 0
     rx_pause_duration_prio_7: 881787
     rx_pause_transition_prio_7: 3403
     tx_pause_prio_7: 7503
     tx_pause_duration_prio_7: 0
     tx_pause_transition_prio_7: 0
