     rx_pause_prio_0: 0
     rx_pause_duration_prio_0: 681421
     rx_pause_transition_prio_0: 2706
     tx_pause_prio_0: 5930
     tx_pause_duration_prio_0: 0
     tx_pause_transition_prio_0: 0
     rx_pause_prio_1: 0
     rx_pause_duration_prio_1: 681421
     rx_pause_transition_prio_1: 2706
     tx_pause_prio_1: 5930
     tx_pause_duration_prio_1: 0
     tx_pause_transition_prio_1: 0
     rx_pause_prio_2: 0
     rx_pause_duration_prio_2: 681421
     rx_pause_transition_prio_2: 2706
     tx_pause_prio_2: 5930
     tx_pause_duration_prio_2: 0
     tx_pause_transition_prio_2: 0
     rx_pause_prio_3: 0
     rx_pause_duration_prio_3: 681421
     rx_pause_transition_prio_3: 2706
     tx_pause_prio_3: 5930
     tx_pause_duration_prio_3: 0
     tx_pause_transition_prio_3: 0
     rx_pause_prio_4: 0
     rx_pause_duration_prio_4: 681421
     rx_pause_transition_prio_4: 2706
     tx_pause_prio_4: 5930
     tx_pause_duration_prio_4: 0
     tx_pause_transition_prio_4: 0
     rx_pause_prio_5: 0
     rx_pause_duration_prio_5: 681421
     rx_pause_transition_prio_5: 2706
     tx_pause_prio_5: 5930
     tx_pause_duration_prio_5: 0
     tx_pause_transition_prio_5: 0
     rx_pause_prio_6: 0
     rx_pause_duration_prio_6: 681421
     rx_pause_transition_prio_6: 2706
     tx_pause_prio_6: 5930
     tx_pause_duration_prio_6: 0
     tx_pause_transition_prio_6: 0
     rx_pause_prio_7: 0
     rx_pause_duration_prio_7: 681421
     rx_pause_transition_prio_7: 2706
     tx_pause_prio_7: 5930
     tx_pause_duration_prio_7: 0
     tx_pause_transition_prio_7: 0
