mmsprlmdnngpusz31
    description: Computer
    product: NF5568M4 (Default string)
    vendor: Inspur
    version: 0123456789
    serial: 216487806
    width: 64 bits
    capabilities: smbios-3.0 dmi-3.0 vsyscall32
    configuration: boot=normal family=Default string sku=Default string uuid=A8BEB2BC-1180-E611-8830-B8D082215302
  *-core
       description: Motherboard
       product: X10DRG-Q
       vendor: Inspur
       physical id: 0
       version: 1.02
       serial: VM164S020142
       slot: Default string
     *-firmware
          description: BIOS
          vendor: American Megatrends Inc.
          physical id: 0
          version: 2.0
          date: 08/12/2016
          size: 64KiB
          capacity: 15MiB
          capabilities: pci upgrade shadowing cdboot bootselect socketedrom edd int13floppy1200 int13floppy720 int13floppy2880 int5printscreen int9keyboard int14serial int17printer acpi usb biosbootspecification uefi
     *-memory:0
          description: System Memory
          physical id: 59
          slot: System board or motherboard
        *-bank:0
             description: DIMM Synchronous 2400 MHz (0.4 ns)
             product: M393A2K43BB1-CRC
             vendor: Samsung
             physical id: 0
             serial: 32EBF8D4
             slot: P1-DIMMA1
             size: 16GiB
             width: 64 bits
             clock: 2400MHz (0.4ns)
        *-bank:1
             description: DIMM Synchronous 2400 MHz (0.4 ns)
             product: M393A2K43BB1-CRC
             vendor: Samsung
             physical id: 1
             serial: 32EBFAF3
             slot: P1-DIMMA2
             size: 16GiB
             width: 64 bits
             clock: 2400MHz (0.4ns)
        *-bank:2
             description: DIMM Synchronous 2400 MHz (0.4 ns)
             product: M393A2K43BB1-CRC
             vendor: Samsung
             physical id: 2
             serial: 32EBF920
             slot: P1-DIMMB1
             size: 16GiB
             width: 64 bits
             clock: 2400MHz (0.4ns)
        *-bank:3
             description: DIMM Synchronous 2400 MHz (0.4 ns)
             product: M393A2K43BB1-CRC
             vendor: Samsung
             physical id: 3
             serial: 32F14026
             slot: P1-DIMMB2
             size: 16GiB
             width: 64 bits
             clock: 2400MHz (0.4ns)
     *-memory:1
          description: System Memory
          physical id: 5e
          slot: System board or motherboard
        *-bank:0
             description: DIMM Synchronous 2400 MHz (0.4 ns)
             product: M393A2K43BB1-CRC
             vendor: Samsung
             physical id: 0
             serial: 32E28D09
             slot: P1-DIMMC1
             size: 16GiB
             width: 64 bits
             clock: 2400MHz (0.4ns)
        *-bank:1
             description: DIMM Synchronous 2400 MHz (0.4 ns)
             product: M393A2K43BB1-CRC
             vendor: Samsung
             physical id: 1
             serial: 32E28D03
             slot: P1-DIMMC2
             size: 16GiB
             width: 64 bits
             clock: 2400MHz (0.4ns)
        *-bank:2
             description: DIMM Synchronous 2400 MHz (0.4 ns)
             product: M393A2K43BB1-CRC
             vendor: Samsung
             physical id: 2
             serial: 32E28D0A
             slot: P1-DIMMD1
             size: 16GiB
             width: 64 bits
             clock: 2400MHz (0.4ns)
        *-bank:3
             description: DIMM Synchronous 2400 MHz (0.4 ns)
             product: M393A2K43BB1-CRC
             vendor: Samsung
             physical id: 3
             serial: 32E28D0D
             slot: P1-DIMMD2
             size: 16GiB
             width: 64 bits
             clock: 2400MHz (0.4ns)
     *-memory:2
          description: System Memory
          physical id: 63
          slot: System board or motherboard
        *-bank:0
             description: DIMM Synchronous 2400 MHz (0.4 ns)
             product: M393A2K43BB1-CRC
             vendor: Samsung
             physical id: 0
             serial: 32E28D04
             slot: P2-DIMME1
             size: 16GiB
             width: 64 bits
             clock: 2400MHz (0.4ns)
        *-bank:1
             description: DIMM Synchronous 2400 MHz (0.4 ns)
             product: M393A2K43BB1-CRC
             vendor: Samsung
             physical id: 1
             serial: 32E28D08
             slot: P2-DIMME2
             size: 16GiB
             width: 64 bits
             clock: 2400MHz (0.4ns)
        *-bank:2
             description: DIMM Synchronous 2400 MHz (0.4 ns)
             product: M393A2K43BB1-CRC
             vendor: Samsung
             physical id: 2
             serial: 32E28D05
             slot: P2-DIMMF1
             size: 16GiB
             width: 64 bits
             clock: 2400MHz (0.4ns)
        *-bank:3
             description: DIMM Synchronous 2400 MHz (0.4 ns)
             product: M393A2K43BB1-CRC
             vendor: Samsung
             physical id: 3
             serial: 32E28D10
             slot: P2-DIMMF2
             size: 16GiB
             width: 64 bits
             clock: 2400MHz (0.4ns)
     *-memory:3
          description: System Memory
          physical id: 68
          slot: System board or motherboard
        *-bank:0
             description: DIMM Synchronous 2400 MHz (0.4 ns)
             product: M393A2K43BB1-CRC
             vendor: Samsung
             physical id: 0
             serial: 32E28D07
             slot: P2-DIMMG1
             size: 16GiB
             width: 64 bits
             clock: 2400MHz (0.4ns)
        *-bank:1
             description: DIMM Synchronous 2400 MHz (0.4 ns)
             product: M393A2K43BB1-CRC
             vendor: Samsung
             physical id: 1
             serial: 32E28D0B
             slot: P2-DIMMG2
             size: 16GiB
             width: 64 bits
             clock: 2400MHz (0.4ns)
        *-bank:2
             description: DIMM Synchronous 2400 MHz (0.4 ns)
             product: M393A2K43BB1-CRC
             vendor: Samsung
             physical id: 2
             serial: 32E28D0E
             slot: P2-DIMMH1
             size: 16GiB
             width: 64 bits
             clock: 2400MHz (0.4ns)
        *-bank:3
             description: DIMM Synchronous 2400 MHz (0.4 ns)
             product: M393A2K43BB1-CRC
             vendor: Samsung
             physical id: 3
             serial: 32EBF91D
             slot: P2-DIMMH2
             size: 16GiB
             width: 64 bits
             clock: 2400MHz (0.4ns)
     *-cache:0
          description: L1 cache
          physical id: 82
          slot: CPU Internal L1
          size: 896KiB
          capacity: 896KiB
          capabilities: internal write-back
     *-cache:1
          description: L2 cache
          physical id: 83
          slot: CPU Internal L2
          size: 3584KiB
          capacity: 3584KiB
          capabilities: internal write-back unified
     *-cache:2
          description: L3 cache
          physical id: 84
          slot: CPU Internal L3
          size: 35MiB
          capacity: 35MiB
          capabilities: internal write-back unified
     *-cpu:0
          description: CPU
          product: Xeon
          vendor: Intel Corp.
          physical id: 85
          bus info: cpu@0
          version: Intel(R) Xeon(R) CPU E5-2680 v4 @ 2.40GHz
          slot: CPU1
          size: 2401MHz
          capacity: 4GHz
          width: 64 bits
          clock: 100MHz
          capabilities: x86-64 fpu fpu_exception wp vme de pse tsc msr pae mce cx8 apic sep mtrr pge mca cmov pat pse36 clflush dts acpi mmx fxsr sse sse2 ss ht tm pbe syscall nx pdpe1gb rdtscp constant_tsc arch_perfmon pebs bts rep_good nopl xtopology nonstop_tsc aperfmperf eagerfpu pni pclmulqdq dtes64 ds_cpl vmx smx est tm2 ssse3 fma cx16 xtpr pdcm pcid dca sse4_1 sse4_2 x2apic movbe popcnt tsc_deadline_timer aes xsave avx f16c rdrand lahf_lm abm 3dnowprefetch ida arat epb xsaveopt pln pts dtherm tpr_shadow vnmi flexpriority ept vpid fsgsbase tsc_adjust bmi1 hle avx2 smep bmi2 erms invpcid rtm rdseed adx smap monitor cpufreq
          configuration: cores=14 enabledcores=14 threads=28
     *-cache:3
          description: L1 cache
          physical id: 86
          slot: CPU Internal L1
          size: 896KiB
          capacity: 896KiB
          capabilities: internal write-back
     *-cache:4
          description: L2 cache
          physical id: 87
          slot: CPU Internal L2
          size: 3584KiB
          capacity: 3584KiB
          capabilities: internal write-back unified
     *-cache:5
          description: L3 cache
          physical id: 88
          slot: CPU Internal L3
          size: 35MiB
          capacity: 35MiB
          capabilities: internal write-back unified
     *-cpu:1
          description: CPU
          product: Xeon
          vendor: Intel Corp.
          physical id: 89
          bus info: cpu@1
          version: Intel(R) Xeon(R) CPU E5-2680 v4 @ 2.40GHz
          slot: CPU2
          size: 2401MHz
          capacity: 4GHz
          width: 64 bits
          clock: 100MHz
          capabilities: x86-64 fpu fpu_exception wp vme de pse tsc msr pae mce cx8 apic sep mtrr pge mca cmov pat pse36 clflush dts acpi mmx fxsr sse sse2 ss ht tm pbe syscall nx pdpe1gb rdtscp constant_tsc arch_perfmon pebs bts rep_good nopl xtopology nonstop_tsc aperfmperf eagerfpu pni pclmulqdq dtes64 monitor ds_cpl vmx smx est tm2 ssse3 fma cx16 xtpr pdcm pcid dca sse4_1 sse4_2 x2apic movbe popcnt tsc_deadline_timer aes xsave avx f16c rdrand lahf_lm abm 3dnowprefetch ida arat epb xsaveopt pln pts dtherm tpr_shadow vnmi flexpriority ept vpid fsgsbase tsc_adjust bmi1 hle avx2 smep bmi2 erms invpcid rtm rdseed adx smap cpufreq
          configuration: cores=14 enabledcores=14 threads=28
     *-memory:4 UNCLAIMED
          physical id: 6
     *-memory:5 UNCLAIMED
          physical id: 7
     *-pci:0
          description: Host bridge
          product: Intel Corporation
          vendor: Intel Corporation
          physical id: 100
          bus info: pci@0000:00:00.0
          version: 01
          width: 32 bits
          clock: 33MHz
        *-pci:0
             description: PCI bridge
             product: Intel Corporation
             vendor: Intel Corporation
             physical id: 1
             bus info: pci@0000:00:01.0
             version: 01
             width: 32 bits
             clock: 33MHz
             capabilities: pci msi pciexpress pm normal_decode bus_master cap_list
             configuration: driver=pcieport
             resources: irq:88 memory:d3000000-d31fffff ioport:383802800000(size=8388608)
           *-network
                description: Ethernet interface
                product: MT27520 Family [ConnectX-3 Pro]
                vendor: Mellanox Technologies
                physical id: 0
                bus info: pci@0000:01:00.0
                logical name: eth0
                version: 00
                serial: 24:8a:07:60:65:e0
                width: 64 bits
                clock: 33MHz
                capabilities: pm vpd msix pciexpress bus_master cap_list rom ethernet physical fibre autonegotiation
                configuration: autonegotiation=off broadcast=yes driver=mlx4_en driverversion=2.4-1.0.4 (Feb  2 2016) duplex=full firmware=2.36.5000 ip=100.88.65.7 latency=0 link=yes multicast=yes port=fibre
                resources: iomemory:38380-3837f irq:26 memory:d3100000-d31fffff memory:383802800000-383802ffffff memory:d3000000-d30fffff
        *-pci:1
             description: PCI bridge
             product: Intel Corporation
             vendor: Intel Corporation
             physical id: 2
             bus info: pci@0000:00:02.0
             version: 01
             width: 32 bits
             clock: 33MHz
             capabilities: pci msi pciexpress pm normal_decode bus_master cap_list
             configuration: driver=pcieport
             resources: irq:89 memory:d2000000-d2ffffff ioport:383000000000(size=34393292800)
           *-display
                description: 3D controller
                product: NVIDIA Corporation
                vendor: NVIDIA Corporation
                physical id: 0
                bus info: pci@0000:02:00.0
                version: a1
                width: 64 bits
                clock: 33MHz
                capabilities: pm msi pciexpress bus_master cap_list
                configuration: driver=nvidia latency=0
                resources: iomemory:38300-382ff iomemory:38380-3837f irq:269 memory:d2000000-d2ffffff memory:383000000000-3837ffffffff memory:383800000000-383801ffffff
        *-pci:2
             description: PCI bridge
             product: Intel Corporation
             vendor: Intel Corporation
             physical id: 3
             bus info: pci@0000:00:03.0
             version: 01
             width: 32 bits
             clock: 33MHz
             capabilities: pci msi pciexpress pm normal_decode bus_master cap_list
             configuration: driver=pcieport
             resources: irq:90 memory:d1000000-d1ffffff ioport:382000000000(size=34393292800)
           *-display
                description: 3D controller
                product: NVIDIA Corporation
                vendor: NVIDIA Corporation
                physical id: 0
                bus info: pci@0000:03:00.0
                version: a1
                width: 64 bits
                clock: 33MHz
                capabilities: pm msi pciexpress bus_master cap_list
                configuration: driver=nvidia latency=0
                resources: iomemory:38200-381ff iomemory:38280-3827f irq:270 memory:d1000000-d1ffffff memory:382000000000-3827ffffffff memory:382800000000-382801ffffff
        *-generic:0 UNCLAIMED
             description: System peripheral
             product: Intel Corporation
             vendor: Intel Corporation
             physical id: 4
             bus info: pci@0000:00:04.0
             version: 01
             width: 64 bits
             clock: 33MHz
             capabilities: msix pciexpress pm bus_master cap_list
             configuration: latency=0
             resources: iomemory:383f0-383ef memory:383ffff20000-383ffff23fff
        *-generic:1 UNCLAIMED
             description: System peripheral
             product: Intel Corporation
             vendor: Intel Corporation
             physical id: 4.1
             bus info: pci@0000:00:04.1
             version: 01
             width: 64 bits
             clock: 33MHz
             capabilities: msix pciexpress pm bus_master cap_list
             configuration: latency=0
             resources: iomemory:383f0-383ef memory:383ffff1c000-383ffff1ffff
        *-generic:2 UNCLAIMED
             description: System peripheral
             product: Intel Corporation
             vendor: Intel Corporation
             physical id: 4.2
             bus info: pci@0000:00:04.2
             version: 01
             width: 64 bits
             clock: 33MHz
             capabilities: msix pciexpress pm bus_master cap_list
             configuration: latency=0
             resources: iomemory:383f0-383ef memory:383ffff18000-383ffff1bfff
        *-generic:3 UNCLAIMED
             description: System peripheral
             product: Intel Corporation
             vendor: Intel Corporation
             physical id: 4.3
             bus info: pci@0000:00:04.3
             version: 01
             width: 64 bits
             clock: 33MHz
             capabilities: msix pciexpress pm bus_master cap_list
             configuration: latency=0
             resources: iomemory:383f0-383ef memory:383ffff14000-383ffff17fff
        *-generic:4 UNCLAIMED
             description: System peripheral
             product: Intel Corporation
             vendor: Intel Corporation
             physical id: 4.4
             bus info: pci@0000:00:04.4
             version: 01
             width: 64 bits
             clock: 33MHz
             capabilities: msix pciexpress pm bus_master cap_list
             configuration: latency=0
             resources: iomemory:383f0-383ef memory:383ffff10000-383ffff13fff
        *-generic:5 UNCLAIMED
             description: System peripheral
             product: Intel Corporation
             vendor: Intel Corporation
             physical id: 4.5
             bus info: pci@0000:00:04.5
             version: 01
             width: 64 bits
             clock: 33MHz
             capabilities: msix pciexpress pm bus_master cap_list
             configuration: latency=0
             resources: iomemory:383f0-383ef memory:383ffff0c000-383ffff0ffff
        *-generic:6 UNCLAIMED
             description: System peripheral
             product: Intel Corporation
             vendor: Intel Corporation
             physical id: 4.6
             bus info: pci@0000:00:04.6
             version: 01
             width: 64 bits
             clock: 33MHz
             capabilities: msix pciexpress pm bus_master cap_list
             configuration: latency=0
             resources: iomemory:383f0-383ef memory:383ffff08000-383ffff0bfff
        *-generic:7 UNCLAIMED
             description: System peripheral
             product: Intel Corporation
             vendor: Intel Corporation
             physical id: 4.7
             bus info: pci@0000:00:04.7
             version: 01
             width: 64 bits
             clock: 33MHz
             capabilities: msix pciexpress pm bus_master cap_list
             configuration: latency=0
             resources: iomemory:383f0-383ef memory:383ffff04000-383ffff07fff
        *-generic:8 UNCLAIMED
             description: System peripheral
             product: Intel Corporation
             vendor: Intel Corporation
             physical id: 5
             bus info: pci@0000:00:05.0
             version: 01
             width: 32 bits
             clock: 33MHz
             capabilities: pciexpress cap_list
             configuration: latency=0
        *-generic:9 UNCLAIMED
             description: System peripheral
             product: Intel Corporation
             vendor: Intel Corporation
             physical id: 5.1
             bus info: pci@0000:00:05.1
             version: 01
             width: 32 bits
             clock: 33MHz
             capabilities: pciexpress msi cap_list
             configuration: latency=0
        *-generic:10 UNCLAIMED
             description: System peripheral
             product: Intel Corporation
             vendor: Intel Corporation
             physical id: 5.2
             bus info: pci@0000:00:05.2
             version: 01
             width: 32 bits
             clock: 33MHz
             capabilities: pciexpress cap_list
             configuration: latency=0
        *-generic:11 UNCLAIMED
             description: PIC
             product: Intel Corporation
             vendor: Intel Corporation
             physical id: 5.4
             bus info: pci@0000:00:05.4
             version: 01
             width: 32 bits
             clock: 33MHz
             capabilities: pciexpress pm io_x_-apic bus_master cap_list
             configuration: latency=0
             resources: memory:ce117000-ce117fff
        *-generic:12 UNCLAIMED
             description: Unassigned class
             product: Wellsburg SPSR
             vendor: Intel Corporation
             physical id: 11
             bus info: pci@0000:00:11.0
             version: 05
             width: 32 bits
             clock: 33MHz
             capabilities: pciexpress pm bus_master cap_list
             configuration: latency=0
        *-storage:0
             description: SATA controller
             product: Wellsburg sSATA Controller [AHCI mode]
             vendor: Intel Corporation
             physical id: 11.4
             bus info: pci@0000:00:11.4
             version: 05
             width: 32 bits
             clock: 66MHz
             capabilities: storage msi pm ahci_1.0 bus_master cap_list
             configuration: driver=ahci latency=0
             resources: irq:97 ioport:7110(size=8) ioport:7100(size=4) ioport:70f0(size=8) ioport:70e0(size=4) ioport:7020(size=32) memory:ce116000-ce1167ff
        *-usb:0
             description: USB controller
             product: Wellsburg USB xHCI Host Controller
             vendor: Intel Corporation
             physical id: 14
             bus info: pci@0000:00:14.0
             version: 05
             width: 64 bits
             clock: 33MHz
             capabilities: pm msi xhci bus_master cap_list
             configuration: driver=xhci_hcd latency=0
             resources: irq:155 memory:ce100000-ce10ffff
           *-usbhost:0
                product: xHCI Host Controller
                vendor: Linux 3.10.94-1-tlinux2-0035.tl2 xhci_hcd
                physical id: 0
                bus info: usb@4
                logical name: usb4
                version: 3.10
                capabilities: usb-3.00
                configuration: driver=hub slots=6 speed=5000Mbit/s
           *-usbhost:1
                product: xHCI Host Controller
                vendor: Linux 3.10.94-1-tlinux2-0035.tl2 xhci_hcd
                physical id: 1
                bus info: usb@3
                logical name: usb3
                version: 3.10
                capabilities: usb-2.00
                configuration: driver=hub slots=15 speed=480Mbit/s
              *-usb
                   description: USB hub
                   product: Hub
                   vendor: ATEN International Co., Ltd
                   physical id: d
                   bus info: usb@3:d
                   version: 0.00
                   capabilities: usb-2.00
                   configuration: driver=hub maxpower=100mA slots=4 speed=480Mbit/s
                 *-usb
                      description: Keyboard
                      vendor: ATEN International Co., Ltd
                      physical id: 1
                      bus info: usb@3:d.1
                      version: 1.00
                      capabilities: usb-1.10
                      configuration: driver=usbhid maxpower=160mA speed=2Mbit/s
        *-communication:0 UNCLAIMED
             description: Communication controller
             product: Wellsburg MEI Controller #1
             vendor: Intel Corporation
             physical id: 16
             bus info: pci@0000:00:16.0
             version: 05
             width: 64 bits
             clock: 33MHz
             capabilities: pm msi bus_master cap_list
             configuration: latency=0
             resources: memory:ce115000-ce11500f
        *-communication:1 UNCLAIMED
             description: Communication controller
             product: Wellsburg MEI Controller #2
             vendor: Intel Corporation
             physical id: 16.1
             bus info: pci@0000:00:16.1
             version: 05
             width: 64 bits
             clock: 33MHz
             capabilities: pm msi bus_master cap_list
             configuration: latency=0
             resources: memory:ce114000-ce11400f
        *-usb:1
             description: USB controller
             product: Wellsburg USB Enhanced Host Controller #2
             vendor: Intel Corporation
             physical id: 1a
             bus info: pci@0000:00:1a.0
             version: 05
             width: 32 bits
             clock: 33MHz
             capabilities: pm debug ehci bus_master cap_list
             configuration: driver=ehci-pci latency=0
             resources: irq:18 memory:ce112000-ce1123ff
           *-usbhost
                product: EHCI Host Controller
                vendor: Linux 3.10.94-1-tlinux2-0035.tl2 ehci_hcd
                physical id: 1
                bus info: usb@1
                logical name: usb1
                version: 3.10
                capabilities: usb-2.00
                configuration: driver=hub slots=2 speed=480Mbit/s
              *-usb
                   description: USB hub
                   vendor: Intel Corp.
                   physical id: 1
                   bus info: usb@1:1
                   version: 0.05
                   capabilities: usb-2.00
                   configuration: driver=hub slots=6 speed=480Mbit/s
        *-multimedia UNCLAIMED
             description: Audio device
             product: Wellsburg HD Audio Controller
             vendor: Intel Corporation
             physical id: 1b
             bus info: pci@0000:00:1b.0
             version: 05
             width: 64 bits
             clock: 33MHz
             capabilities: pm msi pciexpress bus_master cap_list
             configuration: latency=0
             resources: iomemory:383f0-383ef memory:383ffff00000-383ffff03fff
        *-pci:3
             description: PCI bridge
             product: Wellsburg PCI Express Root Port #1
             vendor: Intel Corporation
             physical id: 1c
             bus info: pci@0000:00:1c.0
             version: d5
             width: 32 bits
             clock: 33MHz
             capabilities: pci pciexpress msi pm normal_decode bus_master cap_list
             configuration: driver=pcieport
             resources: irq:91
        *-pci:4
             description: PCI bridge
             product: Wellsburg PCI Express Root Port #4
             vendor: Intel Corporation
             physical id: 1c.3
             bus info: pci@0000:00:1c.3
             version: d5
             width: 32 bits
             clock: 33MHz
             capabilities: pci pciexpress msi pm normal_decode bus_master cap_list
             configuration: driver=pcieport
             resources: irq:92 ioport:6000(size=4096) memory:cf000000-d00fffff
           *-pci
                description: PCI bridge
                product: AST1150 PCI-to-PCI Bridge
                vendor: ASPEED Technology, Inc.
                physical id: 0
                bus info: pci@0000:05:00.0
                version: 03
                width: 32 bits
                clock: 33MHz
                capabilities: pci msi pm pciexpress normal_decode bus_master cap_list
                resources: ioport:6000(size=4096) memory:cf000000-d00fffff
              *-display UNCLAIMED
                   description: VGA compatible controller
                   product: ASPEED Graphics Family
                   vendor: ASPEED Technology, Inc.
                   physical id: 0
                   bus info: pci@0000:06:00.0
                   version: 30
                   width: 32 bits
                   clock: 33MHz
                   capabilities: pm msi vga_controller bus_master cap_list
                   configuration: latency=0
                   resources: memory:cf000000-cfffffff memory:d0000000-d001ffff ioport:6000(size=128)
        *-pci:5
             description: PCI bridge
             product: Wellsburg PCI Express Root Port #5
             vendor: Intel Corporation
             physical id: 1c.4
             bus info: pci@0000:00:1c.4
             version: d5
             width: 32 bits
             clock: 33MHz
             capabilities: pci pciexpress msi pm normal_decode bus_master cap_list
             configuration: driver=pcieport
             resources: irq:93 ioport:1000(size=4096) memory:b8000000-ce0fffff ioport:90000000(size=570425344)
        *-usb:2
             description: USB controller
             product: Wellsburg USB Enhanced Host Controller #1
             vendor: Intel Corporation
             physical id: 1d
             bus info: pci@0000:00:1d.0
             version: 05
             width: 32 bits
             clock: 33MHz
             capabilities: pm debug ehci bus_master cap_list
             configuration: driver=ehci-pci latency=0
             resources: irq:18 memory:ce111000-ce1113ff
           *-usbhost
                product: EHCI Host Controller
                vendor: Linux 3.10.94-1-tlinux2-0035.tl2 ehci_hcd
                physical id: 1
                bus info: usb@2
                logical name: usb2
                version: 3.10
                capabilities: usb-2.00
                configuration: driver=hub slots=2 speed=480Mbit/s
              *-usb
                   description: USB hub
                   vendor: Intel Corp.
                   physical id: 1
                   bus info: usb@2:1
                   version: 0.05
                   capabilities: usb-2.00
                   configuration: driver=hub slots=8 speed=480Mbit/s
        *-isa
             description: ISA bridge
             product: Wellsburg LPC Controller
             vendor: Intel Corporation
             physical id: 1f
             bus info: pci@0000:00:1f.0
             version: 05
             width: 32 bits
             clock: 33MHz
             capabilities: isa bus_master cap_list
             configuration: latency=0
        *-storage:1
             description: SATA controller
             product: Wellsburg 6-Port SATA Controller [AHCI mode]
             vendor: Intel Corporation
             physical id: 1f.2
             bus info: pci@0000:00:1f.2
             version: 05
             width: 32 bits
             clock: 66MHz
             capabilities: storage msi pm ahci_1.0 bus_master cap_list
             configuration: driver=ahci latency=0
             resources: irq:98 ioport:7070(size=8) ioport:7060(size=4) ioport:7050(size=8) ioport:7040(size=4) ioport:7000(size=32) memory:ce110000-ce1107ff
        *-serial UNCLAIMED
             description: SMBus
             product: Wellsburg SMBus Controller
             vendor: Intel Corporation
             physical id: 1f.3
             bus info: pci@0000:00:1f.3
             version: 05
             width: 64 bits
             clock: 33MHz
             configuration: latency=0
             resources: iomemory:383f0-383ef memory:383ffff25000-383ffff250ff ioport:580(size=32)
     *-generic:0 UNCLAIMED
          description: System peripheral
          product: Intel Corporation
          vendor: Intel Corporation
          physical id: 8
          bus info: pci@0000:7f:08.0
          version: 01
          width: 32 bits
          clock: 33MHz
          configuration: latency=0
     *-generic:1 UNCLAIMED
          description: Performance counters
          product: Intel Corporation
          vendor: Intel Corporation
          physical id: 9
          bus info: pci@0000:7f:08.2
          version: 01
          width: 32 bits
          clock: 33MHz
          configuration: latency=0
     *-generic:2 UNCLAIMED
          description: System peripheral
          product: Intel Corporation
          vendor: Intel Corporation
          physical id: a
          bus info: pci@0000:7f:08.3
          version: 01
          width: 32 bits
          clock: 33MHz
          capabilities: pciexpress cap_list
          configuration: latency=0
     *-generic:3 UNCLAIMED
          description: System peripheral
          product: Intel Corporation
          vendor: Intel Corporation
          physical id: b
          bus info: pci@0000:7f:09.0
          version: 01
          width: 32 bits
          clock: 33MHz
          configuration: latency=0
     *-generic:4 UNCLAIMED
          description: Performance counters
          product: Intel Corporation
          vendor: Intel Corporation
          physical id: c
          bus info: pci@0000:7f:09.2
          version: 01
          width: 32 bits
          clock: 33MHz
          configuration: latency=0
     *-generic:5 UNCLAIMED
          description: System peripheral
          product: Intel Corporation
          vendor: Intel Corporation
          physical id: d
          bus info: pci@0000:7f:09.3
          version: 01
          width: 32 bits
          clock: 33MHz
          capabilities: pciexpress cap_list
          configuration: latency=0
     *-generic:6 UNCLAIMED
          description: System peripheral
          product: Intel Corporation
          vendor: Intel Corporation
          physical id: e
          bus info: pci@0000:7f:0b.0
          version: 01
          width: 32 bits
          clock: 33MHz
          configuration: latency=0
     *-generic:7 UNCLAIMED
          description: Performance counters
          product: Intel Corporation
          vendor: Intel Corporation
          physical id: f
          bus info: pci@0000:7f:0b.1
          version: 01
          width: 32 bits
          clock: 33MHz
          configuration: latency=0
     *-generic:8 UNCLAIMED
          description: Performance counters
          product: Intel Corporation
          vendor: Intel Corporation
          physical id: 10
          bus info: pci@0000:7f:0b.2
          version: 01
          width: 32 bits
          clock: 33MHz
          configuration: latency=0
     *-generic:9 UNCLAIMED
          description: System peripheral
          product: Intel Corporation
          vendor: Intel Corporation
          physical id: 11
          bus info: pci@0000:7f:0b.3
          version: 01
          width: 32 bits
          clock: 33MHz
          configuration: latency=0
     *-generic:10 UNCLAIMED
          description: System peripheral
          product: Intel Corporation
          vendor: Intel Corporation
          physical id: 12
          bus info: pci@0000:7f:0c.0
          version: 01
          width: 32 bits
          clock: 33MHz
          configuration: latency=0
     *-generic:11 UNCLAIMED
          description: System peripheral
          product: Intel Corporation
          vendor: Intel Corporation
          physical id: 13
          bus info: pci@0000:7f:0c.1
          version: 01
          width: 32 bits
          clock: 33MHz
          configuration: latency=0
     *-generic:12 UNCLAIMED
          description: System peripheral
          product: Intel Corporation
          vendor: Intel Corporation
          physical id: 14
          bus info: pci@0000:7f:0c.2
          version: 01
          width: 32 bits
          clock: 33MHz
          configuration: latency=0
     *-generic:13 UNCLAIMED
          description: System peripheral
          product: Intel Corporation
          vendor: Intel Corporation
          physical id: 15
          bus info: pci@0000:7f:0c.3
          version: 01
          width: 32 bits
          clock: 33MHz
          configuration: latency=0
     *-generic:14 UNCLAIMED
          description: System peripheral
          product: Intel Corporation
          vendor: Intel Corporation
          physical id: 16
          bus info: pci@0000:7f:0c.4
          version: 01
          width: 32 bits
          clock: 33MHz
          configuration: latency=0
     *-generic:15 UNCLAIMED
          description: System peripheral
          product: Intel Corporation
          vendor: Intel Corporation
          physical id: 17
          bus info: pci@0000:7f:0c.5
          version: 01
          width: 32 bits
          clock: 33MHz
          configuration: latency=0
     *-generic:16 UNCLAIMED
          description: System peripheral
          product: Intel Corporation
          vendor: Intel Corporation
          physical id: 18
          bus info: pci@0000:7f:0c.6
          version: 01
          width: 32 bits
          clock: 33MHz
          configuration: latency=0
     *-generic:17 UNCLAIMED
          description: System peripheral
          product: Intel Corporation
          vendor: Intel Corporation
          physical id: 19
          bus info: pci@0000:7f:0c.7
          version: 01
          width: 32 bits
          clock: 33MHz
          configuration: latency=0
     *-generic:18 UNCLAIMED
          description: System peripheral
          product: Intel Corporation
          vendor: Intel Corporation
          physical id: 1a
          bus info: pci@0000:7f:0d.0
          version: 01
          width: 32 bits
          clock: 33MHz
          configuration: latency=0
     *-generic:19 UNCLAIMED
          description: System peripheral
          product: Intel Corporation
          vendor: Intel Corporation
          physical id: 1b
          bus info: pci@0000:7f:0d.1
          version: 01
          width: 32 bits
          clock: 33MHz
          configuration: latency=0
     *-generic:20 UNCLAIMED
          description: System peripheral
          product: Intel Corporation
          vendor: Intel Corporation
          physical id: 1c
          bus info: pci@0000:7f:0d.2
          version: 01
          width: 32 bits
          clock: 33MHz
          configuration: latency=0
     *-generic:21 UNCLAIMED
          description: System peripheral
          product: Intel Corporation
          vendor: Intel Corporation
          physical id: 1d
          bus info: pci@0000:7f:0d.3
          version: 01
          width: 32 bits
          clock: 33MHz
          configuration: latency=0
     *-generic:22 UNCLAIMED
          description: System peripheral
          product: Intel Corporation
          vendor: Intel Corporation
          physical id: 1e
          bus info: pci@0000:7f:0d.4
          version: 01
          width: 32 bits
          clock: 33MHz
          configuration: latency=0
     *-generic:23 UNCLAIMED
          description: System peripheral
          product: Intel Corporation
          vendor: Intel Corporation
          physical id: 1f
          bus info: pci@0000:7f:0d.5
          version: 01
          width: 32 bits
          clock: 33MHz
          configuration: latency=0
     *-generic:24 UNCLAIMED
          description: System peripheral
          product: Intel Corporation
          vendor: Intel Corporation
          physical id: 20
          bus info: pci@0000:7f:0f.0
          version: 01
          width: 32 bits
          clock: 33MHz
          configuration: latency=0
     *-generic:25 UNCLAIMED
          description: System peripheral
          product: Intel Corporation
          vendor: Intel Corporation
          physical id: 21
          bus info: pci@0000:7f:0f.1
          version: 01
          width: 32 bits
          clock: 33MHz
          configuration: latency=0
     *-generic:26 UNCLAIMED
          description: System peripheral
          product: Intel Corporation
          vendor: Intel Corporation
          physical id: 22
          bus info: pci@0000:7f:0f.2
          version: 01
          width: 32 bits
          clock: 33MHz
          configuration: latency=0
     *-generic:27 UNCLAIMED
          description: System peripheral
          product: Intel Corporation
          vendor: Intel Corporation
          physical id: 23
          bus info: pci@0000:7f:0f.3
          version: 01
          width: 32 bits
          clock: 33MHz
          configuration: latency=0
     *-generic:28 UNCLAIMED
          description: System peripheral
          product: Intel Corporation
          vendor: Intel Corporation
          physical id: 24
          bus info: pci@0000:7f:0f.4
          version: 01
          width: 32 bits
          clock: 33MHz
          configuration: latency=0
     *-generic:29 UNCLAIMED
          description: System peripheral
          product: Intel Corporation
          vendor: Intel Corporation
          physical id: 25
          bus info: pci@0000:7f:0f.5
          version: 01
          width: 32 bits
          clock: 33MHz
          configuration: latency=0
     *-generic:30 UNCLAIMED
          description: System peripheral
          product: Intel Corporation
          vendor: Intel Corporation
          physical id: 26
          bus info: pci@0000:7f:0f.6
          version: 01
          width: 32 bits
          clock: 33MHz
          configuration: latency=0
     *-generic:31 UNCLAIMED
          description: System peripheral
          product: Intel Corporation
          vendor: Intel Corporation
          physical id: 27
          bus info: pci@0000:7f:10.0
          version: 01
          width: 32 bits
          clock: 33MHz
          configuration: latency=0
     *-generic:32 UNCLAIMED
          description: Performance counters
          product: Intel Corporation
          vendor: Intel Corporation
          physical id: 28
          bus info: pci@0000:7f:10.1
          version: 01
          width: 32 bits
          clock: 33MHz
          configuration: latency=0
     *-generic:33 UNCLAIMED
          description: System peripheral
          product: Intel Corporation
          vendor: Intel Corporation
          physical id: 29
          bus info: pci@0000:7f:10.5
          version: 01
          width: 32 bits
          clock: 33MHz
          configuration: latency=0
     *-generic:34 UNCLAIMED
          description: Performance counters
          product: Intel Corporation
          vendor: Intel Corporation
          physical id: 2a
          bus info: pci@0000:7f:10.6
          version: 01
          width: 32 bits
          clock: 33MHz
          configuration: latency=0
     *-generic:35 UNCLAIMED
          description: System peripheral
          product: Intel Corporation
          vendor: Intel Corporation
          physical id: 2b
          bus info: pci@0000:7f:10.7
          version: 01
          width: 32 bits
          clock: 33MHz
          configuration: latency=0
     *-generic:36 UNCLAIMED
          description: System peripheral
          product: Intel Corporation
          vendor: Intel Corporation
          physical id: 2c
          bus info: pci@0000:7f:12.0
          version: 01
          width: 32 bits
          clock: 33MHz
          configuration: latency=0
     *-generic:37 UNCLAIMED
          description: Performance counters
          product: Intel Corporation
          vendor: Intel Corporation
          physical id: 2d
          bus info: pci@0000:7f:12.1
          version: 01
          width: 32 bits
          clock: 33MHz
          configuration: latency=0
     *-generic:38 UNCLAIMED
          description: System peripheral
          product: Intel Corporation
          vendor: Intel Corporation
          physical id: 2e
          bus info: pci@0000:7f:12.4
          version: 01
          width: 32 bits
          clock: 33MHz
          configuration: latency=0
     *-generic:39 UNCLAIMED
          description: Performance counters
          product: Intel Corporation
          vendor: Intel Corporation
          physical id: 2f
          bus info: pci@0000:7f:12.5
          version: 01
          width: 32 bits
          clock: 33MHz
          configuration: latency=0
     *-generic:40 UNCLAIMED
          description: System peripheral
          product: Intel Corporation
          vendor: Intel Corporation
          physical id: 30
          bus info: pci@0000:7f:13.0
          version: 01
          width: 32 bits
          clock: 33MHz
          capabilities: pciexpress cap_list
          configuration: latency=0
     *-generic:41 UNCLAIMED
          description: System peripheral
          product: Intel Corporation
          vendor: Intel Corporation
          physical id: 31
          bus info: pci@0000:7f:13.1
          version: 01
          width: 32 bits
          clock: 33MHz
          capabilities: pciexpress cap_list
          configuration: latency=0
     *-generic:42 UNCLAIMED
          description: System peripheral
          product: Intel Corporation
          vendor: Intel Corporation
          physical id: 32
          bus info: pci@0000:7f:13.2
          version: 01
          width: 32 bits
          clock: 33MHz
          capabilities: pciexpress cap_list
          configuration: latency=0
     *-generic:43 UNCLAIMED
          description: System peripheral
          product: Intel Corporation
          vendor: Intel Corporation
          physical id: 33
          bus info: pci@0000:7f:13.3
          version: 01
          width: 32 bits
          clock: 33MHz
          capabilities: pciexpress cap_list
          configuration: latency=0
     *-generic:44 UNCLAIMED
          description: System peripheral
          product: Intel Corporation
          vendor: Intel Corporation
          physical id: 34
          bus info: pci@0000:7f:13.6
          version: 01
          width: 32 bits
          clock: 33MHz
          configuration: latency=0
     *-generic:45 UNCLAIMED
          description: System peripheral
          product: Intel Corporation
          vendor: Intel Corporation
          physical id: 35
          bus info: pci@0000:7f:13.7
          version: 01
          width: 32 bits
          clock: 33MHz
          configuration: latency=0
     *-generic:46 UNCLAIMED
          description: System peripheral
          product: Intel Corporation
          vendor: Intel Corporation
          physical id: 36
          bus info: pci@0000:7f:14.0
          version: 01
          width: 32 bits
          clock: 33MHz
          capabilities: pciexpress cap_list
          configuration: latency=0
     *-generic:47 UNCLAIMED
          description: System peripheral
          product: Intel Corporation
          vendor: Intel Corporation
          physical id: 37
          bus info: pci@0000:7f:14.1
          version: 01
          width: 32 bits
          clock: 33MHz
          capabilities: pciexpress cap_list
          configuration: latency=0
     *-generic:48 UNCLAIMED
          description: System peripheral
          product: Intel Corporation
          vendor: Intel Corporation
          physical id: 38
          bus info: pci@0000:7f:14.2
          version: 01
          width: 32 bits
          clock: 33MHz
          capabilities: pciexpress cap_list
          configuration: latency=0
     *-generic:49 UNCLAIMED
          description: System peripheral
          product: Intel Corporation
          vendor: Intel Corporation
          physical id: 39
          bus info: pci@0000:7f:14.3
          version: 01
          width: 32 bits
          clock: 33MHz
          capabilities: pciexpress cap_list
          configuration: latency=0
     *-generic:50 UNCLAIMED
          description: System peripheral
          product: Intel Corporation
          vendor: Intel Corporation
          physical id: 3a
          bus info: pci@0000:7f:14.4
          version: 01
          width: 32 bits
          clock: 33MHz
          configuration: latency=0
     *-generic:51 UNCLAIMED
          description: System peripheral
          product: Intel Corporation
          vendor: Intel Corporation
          physical id: 3b
          bus info: pci@0000:7f:14.5
          version: 01
          width: 32 bits
          clock: 33MHz
          configuration: latency=0
     *-generic:52 UNCLAIMED
          description: System peripheral
          product: Intel Corporation
          vendor: Intel Corporation
          physical id: 3c
          bus info: pci@0000:7f:14.6
          version: 01
          width: 32 bits
          clock: 33MHz
          configuration: latency=0
     *-generic:53 UNCLAIMED
          description: System peripheral
          product: Intel Corporation
          vendor: Intel Corporation
          physical id: 3d
          bus info: pci@0000:7f:14.7
          version: 01
          width: 32 bits
          clock: 33MHz
          configuration: latency=0
     *-generic:54 UNCLAIMED
          description: System peripheral
          product: Intel Corporation
          vendor: Intel Corporation
          physical id: 3e
          bus info: pci@0000:7f:16.0
          version: 01
          width: 32 bits
          clock: 33MHz
          capabilities: pciexpress cap_list
          configuration: latency=0
     *-generic:55 UNCLAIMED
          description: System peripheral
          product: Intel Corporation
          vendor: Intel Corporation
          physical id: 3f
          bus info: pci@0000:7f:16.1
          version: 01
          width: 32 bits
          clock: 33MHz
          capabilities: pciexpress cap_list
          configuration: latency=0
     *-generic:56 UNCLAIMED
          description: System peripheral
          product: Intel Corporation
          vendor: Intel Corporation
          physical id: 40
          bus info: pci@0000:7f:16.2
          version: 01
          width: 32 bits
          clock: 33MHz
          capabilities: pciexpress cap_list
          configuration: latency=0
     *-generic:57 UNCLAIMED
          description: System peripheral
          product: Intel Corporation
          vendor: Intel Corporation
          physical id: 41
          bus info: pci@0000:7f:16.3
          version: 01
          width: 32 bits
          clock: 33MHz
          capabilities: pciexpress cap_list
          configuration: latency=0
     *-generic:58 UNCLAIMED
          description: System peripheral
          product: Intel Corporation
          vendor: Intel Corporation
          physical id: 42
          bus info: pci@0000:7f:16.6
          version: 01
          width: 32 bits
          clock: 33MHz
          configuration: latency=0
     *-generic:59 UNCLAIMED
          description: System peripheral
          product: Intel Corporation
          vendor: Intel Corporation
          physical id: 43
          bus info: pci@0000:7f:16.7
          version: 01
          width: 32 bits
          clock: 33MHz
          configuration: latency=0
     *-generic:60 UNCLAIMED
          description: System peripheral
          product: Intel Corporation
          vendor: Intel Corporation
          physical id: 44
          bus info: pci@0000:7f:17.0
          version: 01
          width: 32 bits
          clock: 33MHz
          capabilities: pciexpress cap_list
          configuration: latency=0
     *-generic:61 UNCLAIMED
          description: System peripheral
          product: Intel Corporation
          vendor: Intel Corporation
          physical id: 45
          bus info: pci@0000:7f:17.1
          version: 01
          width: 32 bits
          clock: 33MHz
          capabilities: pciexpress cap_list
          configuration: latency=0
     *-generic:62 UNCLAIMED
          description: System peripheral
          product: Intel Corporation
          vendor: Intel Corporation
          physical id: 46
          bus info: pci@0000:7f:17.2
          version: 01
          width: 32 bits
          clock: 33MHz
          capabilities: pciexpress cap_list
          configuration: latency=0
     *-generic:63 UNCLAIMED
          description: System peripheral
          product: Intel Corporation
          vendor: Intel Corporation
          physical id: 47
          bus info: pci@0000:7f:17.3
          version: 01
          width: 32 bits
          clock: 33MHz
          capabilities: pciexpress cap_list
          configuration: latency=0
     *-generic:64 UNCLAIMED
          description: System peripheral
          product: Intel Corporation
          vendor: Intel Corporation
          physical id: 48
          bus info: pci@0000:7f:17.4
          version: 01
          width: 32 bits
          clock: 33MHz
          configuration: latency=0
     *-generic:65 UNCLAIMED
          description: System peripheral
          product: Intel Corporation
          vendor: Intel Corporation
          physical id: 49
          bus info: pci@0000:7f:17.5
          version: 01
          width: 32 bits
          clock: 33MHz
          configuration: latency=0
     *-generic:66 UNCLAIMED
          description: System peripheral
          product: Intel Corporation
          vendor: Intel Corporation
          physical id: 4a
          bus info: pci@0000:7f:17.6
          version: 01
          width: 32 bits
          clock: 33MHz
          configuration: latency=0
     *-generic:67 UNCLAIMED
          description: System peripheral
          product: Intel Corporation
          vendor: Intel Corporation
          physical id: 4b
          bus info: pci@0000:7f:17.7
          version: 01
          width: 32 bits
          clock: 33MHz
          configuration: latency=0
     *-generic:68 UNCLAIMED
          description: System peripheral
          product: Intel Corporation
          vendor: Intel Corporation
          physical id: 4c
          bus info: pci@0000:7f:1e.0
          version: 01
          width: 32 bits
          clock: 33MHz
          configuration: latency=0
     *-generic:69 UNCLAIMED
          description: System peripheral
          product: Intel Corporation
          vendor: Intel Corporation
          physical id: 4d
          bus info: pci@0000:7f:1e.1
          version: 01
          width: 32 bits
          clock: 33MHz
          configuration: latency=0
     *-generic:70 UNCLAIMED
          description: System peripheral
          product: Intel Corporation
          vendor: Intel Corporation
          physical id: 4e
          bus info: pci@0000:7f:1e.2
          version: 01
          width: 32 bits
          clock: 33MHz
          configuration: latency=0
     *-generic:71 UNCLAIMED
          description: System peripheral
          product: Intel Corporation
          vendor: Intel Corporation
          physical id: 4f
          bus info: pci@0000:7f:1e.3
          version: 01
          width: 32 bits
          clock: 33MHz
          configuration: latency=0
     *-generic:72 UNCLAIMED
          description: System peripheral
          product: Intel Corporation
          vendor: Intel Corporation
          physical id: 50
          bus info: pci@0000:7f:1e.4
          version: 01
          width: 32 bits
          clock: 33MHz
          configuration: latency=0
     *-generic:73 UNCLAIMED
          description: System peripheral
          product: Intel Corporation
          vendor: Intel Corporation
          physical id: 51
          bus info: pci@0000:7f:1f.0
          version: 01
          width: 32 bits
          clock: 33MHz
          configuration: latency=0
     *-generic:74 UNCLAIMED
          description: System peripheral
          product: Intel Corporation
          vendor: Intel Corporation
          physical id: 52
          bus info: pci@0000:7f:1f.2
          version: 01
          width: 32 bits
          clock: 33MHz
          configuration: latency=0
     *-pci:1
          description: PCI bridge
          product: Intel Corporation
          vendor: Intel Corporation
          physical id: 1
          bus info: pci@0000:80:01.0
          version: 01
          width: 32 bits
          clock: 33MHz
          capabilities: pci msi pciexpress pm normal_decode bus_master cap_list
          configuration: driver=pcieport
          resources: irq:94 ioport:f000(size=4096) memory:fb000000-fb2fffff
        *-storage
             description: RAID bus controller
             product: MegaRAID SAS-3 3108 [Invader]
             vendor: LSI Logic / Symbios Logic
             physical id: 0
             bus info: pci@0000:81:00.0
             logical name: scsi12
             version: 02
             width: 64 bits
             clock: 33MHz
             capabilities: storage pm pciexpress vpd msi msix bus_master cap_list rom
             configuration: driver=megaraid_sas latency=0
             resources: irq:50 ioport:f000(size=256) memory:fb200000-fb20ffff memory:fb100000-fb1fffff memory:fb000000-fb0fffff
           *-disk:0
                description: SCSI Disk
                product: MR9361-8i
                vendor: LSI
                physical id: 2.0.0
                bus info: scsi@12:2.0.0
                logical name: /dev/sda
                version: 4.26
                serial: 00e9e6da20f3dac91fc04fa70bb00506
                size: 278GiB (299GB)
                capabilities: partitioned partitioned:dos
                configuration: ansiversion=5 logicalsectorsize=512 sectorsize=512 signature=00083472
              *-volume:0
                   description: EXT4 volume
                   vendor: Linux
                   physical id: 1
                   bus info: scsi@12:2.0.0,1
                   logical name: /dev/sda1
                   version: 1.0
                   serial: 84961199-dbaf-48ef-a98f-df23c5c94b25
                   size: 10GiB
                   capacity: 10GiB
                   capabilities: primary bootable journaled extended_attributes large_files huge_files dir_nlink recover extents ext4 ext2 initialized
                   configuration: created=2016-09-28 16:03:45 filesystem=ext4 label=/ lastmountpoint=/ modified=2016-10-09 17:26:20 mounted=2016-10-09 17:26:20 state=clean
              *-volume:1
                   description: Linux swap volume
                   physical id: 2
                   bus info: scsi@12:2.0.0,2
                   logical name: /dev/sda2
                   version: 1
                   serial: 2e883cc7-d23d-4697-a6d5-83c411a42b9f
                   size: 2040MiB
                   capacity: 2040MiB
                   capabilities: primary nofs swap initialized
                   configuration: filesystem=swap label=swap pagesize=4096
              *-volume:2
                   description: EXT4 volume
                   vendor: Linux
                   physical id: 3
                   bus info: scsi@12:2.0.0,3
                   logical name: /dev/sda3
                   logical name: /usr/local
                   version: 1.0
                   serial: 1828c850-f013-4caa-a500-fadc1823c7b5
                   size: 20GiB
                   capacity: 20GiB
                   capabilities: primary journaled extended_attributes large_files huge_files dir_nlink recover extents ext4 ext2 initialized
                   configuration: created=2016-09-28 16:03:46 filesystem=ext4 label=usrlocal lastmountpoint=/usr/local modified=2016-10-09 17:26:27 mount.fstype=ext4 mount.options=rw,noatime,data=ordered mounted=2016-10-09 17:26:27 state=mounted
              *-volume:3
                   description: EXT4 volume
                   vendor: Linux
                   physical id: 4
                   bus info: scsi@12:2.0.0,4
                   logical name: /dev/sda4
                   logical name: /data
                   version: 1.0
                   serial: a45484cc-ad85-4628-a1c4-d468d4146c37
                   size: 246GiB
                   capacity: 246GiB
                   capabilities: primary journaled extended_attributes large_files huge_files dir_nlink recover extents ext4 ext2 initialized
                   configuration: created=2016-09-28 16:03:48 filesystem=ext4 label=data lastmountpoint=/data modified=2016-10-09 17:26:27 mount.fstype=ext4 mount.options=rw,noatime,quota,usrquota,grpquota,data=ordered mounted=2016-10-09 17:26:27 state=mounted
           *-disk:1
                description: EXT4 volume
                product: MR9361-8i
                vendor: Linux
                physical id: 2.1.0
                bus info: scsi@12:2.1.0
                logical name: /dev/sdb
                version: 1.0
                serial: c8b28a2c-2c1e-4c78-9dff-42af712be667
                size: 4468GiB
                capabilities: journaled extended_attributes large_files huge_files dir_nlink 64bit extents ext4 ext2 initialized
                configuration: ansiversion=5 created=2016-09-24 19:30:21 filesystem=ext4 lastmountpoint=/data1 logicalsectorsize=512 modified=2016-10-09 17:13:35 mounted=2016-09-28 17:58:41 sectorsize=4096 state=clean
     *-pci:2
          description: PCI bridge
          product: Intel Corporation
          vendor: Intel Corporation
          physical id: 2
          bus info: pci@0000:80:02.0
          version: 01
          width: 32 bits
          clock: 33MHz
          capabilities: pci msi pciexpress pm normal_decode bus_master cap_list
          configuration: driver=pcieport
          resources: irq:95 memory:fa000000-faffffff ioport:387000000000(size=34393292800)
        *-display
             description: 3D controller
             product: NVIDIA Corporation
             vendor: NVIDIA Corporation
             physical id: 0
             bus info: pci@0000:82:00.0
             version: a1
             width: 64 bits
             clock: 33MHz
             capabilities: pm msi pciexpress bus_master cap_list
             configuration: driver=nvidia latency=0
             resources: iomemory:38700-386ff iomemory:38780-3877f irq:271 memory:fa000000-faffffff memory:387000000000-3877ffffffff memory:387800000000-387801ffffff
     *-pci:3
          description: PCI bridge
          product: Intel Corporation
          vendor: Intel Corporation
          physical id: 3
          bus info: pci@0000:80:03.0
          version: 01
          width: 32 bits
          clock: 33MHz
          capabilities: pci msi pciexpress pm normal_decode bus_master cap_list
          configuration: driver=pcieport
          resources: irq:96 memory:f9000000-f9ffffff ioport:386000000000(size=34393292800)
        *-display
             description: 3D controller
             product: NVIDIA Corporation
             vendor: NVIDIA Corporation
             physical id: 0
             bus info: pci@0000:83:00.0
             version: a1
             width: 64 bits
             clock: 33MHz
             capabilities: pm msi pciexpress bus_master cap_list
             configuration: driver=nvidia latency=0
             resources: iomemory:38600-385ff iomemory:38680-3867f irq:272 memory:f9000000-f9ffffff memory:386000000000-3867ffffffff memory:386800000000-386801ffffff
     *-generic:75 UNCLAIMED
          description: System peripheral
          product: Intel Corporation
          vendor: Intel Corporation
          physical id: 4
          bus info: pci@0000:80:04.0
          version: 01
          width: 64 bits
          clock: 33MHz
          capabilities: msix pciexpress pm bus_master cap_list
          configuration: latency=0
          resources: iomemory:387f0-387ef memory:387ffff1c000-387ffff1ffff
     *-generic:76 UNCLAIMED
          description: System peripheral
          product: Intel Corporation
          vendor: Intel Corporation
          physical id: 4.1
          bus info: pci@0000:80:04.1
          version: 01
          width: 64 bits
          clock: 33MHz
          capabilities: msix pciexpress pm bus_master cap_list
          configuration: latency=0
          resources: iomemory:387f0-387ef memory:387ffff18000-387ffff1bfff
     *-generic:77 UNCLAIMED
          description: System peripheral
          product: Intel Corporation
          vendor: Intel Corporation
          physical id: 4.2
          bus info: pci@0000:80:04.2
          version: 01
          width: 64 bits
          clock: 33MHz
          capabilities: msix pciexpress pm bus_master cap_list
          configuration: latency=0
          resources: iomemory:387f0-387ef memory:387ffff14000-387ffff17fff
     *-generic:78 UNCLAIMED
          description: System peripheral
          product: Intel Corporation
          vendor: Intel Corporation
          physical id: 4.3
          bus info: pci@0000:80:04.3
          version: 01
          width: 64 bits
          clock: 33MHz
          capabilities: msix pciexpress pm bus_master cap_list
          configuration: latency=0
          resources: iomemory:387f0-387ef memory:387ffff10000-387ffff13fff
     *-generic:79 UNCLAIMED
          description: System peripheral
          product: Intel Corporation
          vendor: Intel Corporation
          physical id: 4.4
          bus info: pci@0000:80:04.4
          version: 01
          width: 64 bits
          clock: 33MHz
          capabilities: msix pciexpress pm bus_master cap_list
          configuration: latency=0
          resources: iomemory:387f0-387ef memory:387ffff0c000-387ffff0ffff
     *-generic:80 UNCLAIMED
          description: System peripheral
          product: Intel Corporation
          vendor: Intel Corporation
          physical id: 4.5
          bus info: pci@0000:80:04.5
          version: 01
          width: 64 bits
          clock: 33MHz
          capabilities: msix pciexpress pm bus_master cap_list
          configuration: latency=0
          resources: iomemory:387f0-387ef memory:387ffff08000-387ffff0bfff
     *-generic:81 UNCLAIMED
          description: System peripheral
          product: Intel Corporation
          vendor: Intel Corporation
          physical id: 4.6
          bus info: pci@0000:80:04.6
          version: 01
          width: 64 bits
          clock: 33MHz
          capabilities: msix pciexpress pm bus_master cap_list
          configuration: latency=0
          resources: iomemory:387f0-387ef memory:387ffff04000-387ffff07fff
     *-generic:82 UNCLAIMED
          description: System peripheral
          product: Intel Corporation
          vendor: Intel Corporation
          physical id: 4.7
          bus info: pci@0000:80:04.7
          version: 01
          width: 64 bits
          clock: 33MHz
          capabilities: msix pciexpress pm bus_master cap_list
          configuration: latency=0
          resources: iomemory:387f0-387ef memory:387ffff00000-387ffff03fff
     *-generic:83 UNCLAIMED
          description: System peripheral
          product: Intel Corporation
          vendor: Intel Corporation
          physical id: 5
          bus info: pci@0000:80:05.0
          version: 01
          width: 32 bits
          clock: 33MHz
          capabilities: pciexpress cap_list
          configuration: latency=0
     *-generic:84 UNCLAIMED
          description: System peripheral
          product: Intel Corporation
          vendor: Intel Corporation
          physical id: 5.1
          bus info: pci@0000:80:05.1
          version: 01
          width: 32 bits
          clock: 33MHz
          capabilities: pciexpress msi cap_list
          configuration: latency=0
     *-generic:85 UNCLAIMED
          description: System peripheral
          product: Intel Corporation
          vendor: Intel Corporation
          physical id: 5.2
          bus info: pci@0000:80:05.2
          version: 01
          width: 32 bits
          clock: 33MHz
          capabilities: pciexpress cap_list
          configuration: latency=0
     *-generic:86 UNCLAIMED
          description: PIC
          product: Intel Corporation
          vendor: Intel Corporation
          physical id: 5.4
          bus info: pci@0000:80:05.4
          version: 01
          width: 32 bits
          clock: 33MHz
          capabilities: pciexpress pm io_x_-apic bus_master cap_list
          configuration: latency=0
          resources: memory:fb300000-fb300fff
     *-generic:87 UNCLAIMED
          description: System peripheral
          product: Intel Corporation
          vendor: Intel Corporation
          physical id: 53
          bus info: pci@0000:ff:08.0
          version: 01
          width: 32 bits
          clock: 33MHz
          configuration: latency=0
     *-generic:88 UNCLAIMED
          description: Performance counters
          product: Intel Corporation
          vendor: Intel Corporation
          physical id: 54
          bus info: pci@0000:ff:08.2
          version: 01
          width: 32 bits
          clock: 33MHz
          configuration: latency=0
     *-generic:89 UNCLAIMED
          description: System peripheral
          product: Intel Corporation
          vendor: Intel Corporation
          physical id: 55
          bus info: pci@0000:ff:08.3
          version: 01
          width: 32 bits
          clock: 33MHz
          capabilities: pciexpress cap_list
          configuration: latency=0
     *-generic:90 UNCLAIMED
          description: System peripheral
          product: Intel Corporation
          vendor: Intel Corporation
          physical id: 56
          bus info: pci@0000:ff:09.0
          version: 01
          width: 32 bits
          clock: 33MHz
          configuration: latency=0
     *-generic:91 UNCLAIMED
          description: Performance counters
          product: Intel Corporation
          vendor: Intel Corporation
          physical id: 57
          bus info: pci@0000:ff:09.2
          version: 01
          width: 32 bits
          clock: 33MHz
          configuration: latency=0
     *-generic:92 UNCLAIMED
          description: System peripheral
          product: Intel Corporation
          vendor: Intel Corporation
          physical id: 58
          bus info: pci@0000:ff:09.3
          version: 01
          width: 32 bits
          clock: 33MHz
          capabilities: pciexpress cap_list
          configuration: latency=0
     *-generic:93 UNCLAIMED
          description: System peripheral
          product: Intel Corporation
          vendor: Intel Corporation
          physical id: 5a
          bus info: pci@0000:ff:0b.0
          version: 01
          width: 32 bits
          clock: 33MHz
          configuration: latency=0
     *-generic:94 UNCLAIMED
          description: Performance counters
          product: Intel Corporation
          vendor: Intel Corporation
          physical id: 5b
          bus info: pci@0000:ff:0b.1
          version: 01
          width: 32 bits
          clock: 33MHz
          configuration: latency=0
     *-generic:95 UNCLAIMED
          description: Performance counters
          product: Intel Corporation
          vendor: Intel Corporation
          physical id: 5c
          bus info: pci@0000:ff:0b.2
          version: 01
          width: 32 bits
          clock: 33MHz
          configuration: latency=0
     *-generic:96 UNCLAIMED
          description: System peripheral
          product: Intel Corporation
          vendor: Intel Corporation
          physical id: 5d
          bus info: pci@0000:ff:0b.3
          version: 01
          width: 32 bits
          clock: 33MHz
          configuration: latency=0
     *-generic:97 UNCLAIMED
          description: System peripheral
          product: Intel Corporation
          vendor: Intel Corporation
          physical id: 5f
          bus info: pci@0000:ff:0c.0
          version: 01
          width: 32 bits
          clock: 33MHz
          configuration: latency=0
     *-generic:98 UNCLAIMED
          description: System peripheral
          product: Intel Corporation
          vendor: Intel Corporation
          physical id: 60
          bus info: pci@0000:ff:0c.1
          version: 01
          width: 32 bits
          clock: 33MHz
          configuration: latency=0
     *-generic:99 UNCLAIMED
          description: System peripheral
          product: Intel Corporation
          vendor: Intel Corporation
          physical id: 61
          bus info: pci@0000:ff:0c.2
          version: 01
          width: 32 bits
          clock: 33MHz
          configuration: latency=0
     *-generic:100 UNCLAIMED
          description: System peripheral
          product: Intel Corporation
          vendor: Intel Corporation
          physical id: 62
          bus info: pci@0000:ff:0c.3
          version: 01
          width: 32 bits
          clock: 33MHz
          configuration: latency=0
     *-generic:101 UNCLAIMED
          description: System peripheral
          product: Intel Corporation
          vendor: Intel Corporation
          physical id: 64
          bus info: pci@0000:ff:0c.4
          version: 01
          width: 32 bits
          clock: 33MHz
          configuration: latency=0
     *-generic:102 UNCLAIMED
          description: System peripheral
          product: Intel Corporation
          vendor: Intel Corporation
          physical id: 65
          bus info: pci@0000:ff:0c.5
          version: 01
          width: 32 bits
          clock: 33MHz
          configuration: latency=0
     *-generic:103 UNCLAIMED
          description: System peripheral
          product: Intel Corporation
          vendor: Intel Corporation
          physical id: 66
          bus info: pci@0000:ff:0c.6
          version: 01
          width: 32 bits
          clock: 33MHz
          configuration: latency=0
     *-generic:104 UNCLAIMED
          description: System peripheral
          product: Intel Corporation
          vendor: Intel Corporation
          physical id: 67
          bus info: pci@0000:ff:0c.7
          version: 01
          width: 32 bits
          clock: 33MHz
          configuration: latency=0
     *-generic:105 UNCLAIMED
          description: System peripheral
          product: Intel Corporation
          vendor: Intel Corporation
          physical id: 69
          bus info: pci@0000:ff:0d.0
          version: 01
          width: 32 bits
          clock: 33MHz
          configuration: latency=0
     *-generic:106 UNCLAIMED
          description: System peripheral
          product: Intel Corporation
          vendor: Intel Corporation
          physical id: 6a
          bus info: pci@0000:ff:0d.1
          version: 01
          width: 32 bits
          clock: 33MHz
          configuration: latency=0
     *-generic:107 UNCLAIMED
          description: System peripheral
          product: Intel Corporation
          vendor: Intel Corporation
          physical id: 6b
          bus info: pci@0000:ff:0d.2
          version: 01
          width: 32 bits
          clock: 33MHz
          configuration: latency=0
     *-generic:108 UNCLAIMED
          description: System peripheral
          product: Intel Corporation
          vendor: Intel Corporation
          physical id: 6c
          bus info: pci@0000:ff:0d.3
          version: 01
          width: 32 bits
          clock: 33MHz
          configuration: latency=0
     *-generic:109 UNCLAIMED
          description: System peripheral
          product: Intel Corporation
          vendor: Intel Corporation
          physical id: 6d
          bus info: pci@0000:ff:0d.4
          version: 01
          width: 32 bits
          clock: 33MHz
          configuration: latency=0
     *-generic:110 UNCLAIMED
          description: System peripheral
          product: Intel Corporation
          vendor: Intel Corporation
          physical id: 6e
          bus info: pci@0000:ff:0d.5
          version: 01
          width: 32 bits
          clock: 33MHz
          configuration: latency=0
     *-generic:111 UNCLAIMED
          description: System peripheral
          product: Intel Corporation
          vendor: Intel Corporation
          physical id: 6f
          bus info: pci@0000:ff:0f.0
          version: 01
          width: 32 bits
          clock: 33MHz
          configuration: latency=0
     *-generic:112 UNCLAIMED
          description: System peripheral
          product: Intel Corporation
          vendor: Intel Corporation
          physical id: 70
          bus info: pci@0000:ff:0f.1
          version: 01
          width: 32 bits
          clock: 33MHz
          configuration: latency=0
     *-generic:113 UNCLAIMED
          description: System peripheral
          product: Intel Corporation
          vendor: Intel Corporation
          physical id: 71
          bus info: pci@0000:ff:0f.2
          version: 01
          width: 32 bits
          clock: 33MHz
          configuration: latency=0
     *-generic:114 UNCLAIMED
          description: System peripheral
          product: Intel Corporation
          vendor: Intel Corporation
          physical id: 72
          bus info: pci@0000:ff:0f.3
          version: 01
          width: 32 bits
          clock: 33MHz
          configuration: latency=0
     *-generic:115 UNCLAIMED
          description: System peripheral
          product: Intel Corporation
          vendor: Intel Corporation
          physical id: 73
          bus info: pci@0000:ff:0f.4
          version: 01
          width: 32 bits
          clock: 33MHz
          configuration: latency=0
     *-generic:116 UNCLAIMED
          description: System peripheral
          product: Intel Corporation
          vendor: Intel Corporation
          physical id: 74
          bus info: pci@0000:ff:0f.5
          version: 01
          width: 32 bits
          clock: 33MHz
          configuration: latency=0
     *-generic:117 UNCLAIMED
          description: System peripheral
          product: Intel Corporation
          vendor: Intel Corporation
          physical id: 75
          bus info: pci@0000:ff:0f.6
          version: 01
          width: 32 bits
          clock: 33MHz
          configuration: latency=0
     *-generic:118 UNCLAIMED
          description: System peripheral
          product: Intel Corporation
          vendor: Intel Corporation
          physical id: 76
          bus info: pci@0000:ff:10.0
          version: 01
          width: 32 bits
          clock: 33MHz
          configuration: latency=0
     *-generic:119 UNCLAIMED
          description: Performance counters
          product: Intel Corporation
          vendor: Intel Corporation
          physical id: 77
          bus info: pci@0000:ff:10.1
          version: 01
          width: 32 bits
          clock: 33MHz
          configuration: latency=0
     *-generic:120 UNCLAIMED
          description: System peripheral
          product: Intel Corporation
          vendor: Intel Corporation
          physical id: 78
          bus info: pci@0000:ff:10.5
          version: 01
          width: 32 bits
          clock: 33MHz
          configuration: latency=0
     *-generic:121 UNCLAIMED
          description: Performance counters
          product: Intel Corporation
          vendor: Intel Corporation
          physical id: 79
          bus info: pci@0000:ff:10.6
          version: 01
          width: 32 bits
          clock: 33MHz
          configuration: latency=0
     *-generic:122 UNCLAIMED
          description: System peripheral
          product: Intel Corporation
          vendor: Intel Corporation
          physical id: 7a
          bus info: pci@0000:ff:10.7
          version: 01
          width: 32 bits
          clock: 33MHz
          configuration: latency=0
     *-generic:123 UNCLAIMED
          description: System peripheral
          product: Intel Corporation
          vendor: Intel Corporation
          physical id: 7b
          bus info: pci@0000:ff:12.0
          version: 01
          width: 32 bits
          clock: 33MHz
          configuration: latency=0
     *-generic:124 UNCLAIMED
          description: Performance counters
          product: Intel Corporation
          vendor: Intel Corporation
          physical id: 7c
          bus info: pci@0000:ff:12.1
          version: 01
          width: 32 bits
          clock: 33MHz
          configuration: latency=0
     *-generic:125 UNCLAIMED
          description: System peripheral
          product: Intel Corporation
          vendor: Intel Corporation
          physical id: 7d
          bus info: pci@0000:ff:12.4
          version: 01
          width: 32 bits
          clock: 33MHz
          configuration: latency=0
     *-generic:126 UNCLAIMED
          description: Performance counters
          product: Intel Corporation
          vendor: Intel Corporation
          physical id: 7e
          bus info: pci@0000:ff:12.5
          version: 01
          width: 32 bits
          clock: 33MHz
          configuration: latency=0
     *-generic:127 UNCLAIMED
          description: System peripheral
          product: Intel Corporation
          vendor: Intel Corporation
          physical id: 7f
          bus info: pci@0000:ff:13.0
          version: 01
          width: 32 bits
          clock: 33MHz
          capabilities: pciexpress cap_list
          configuration: latency=0
     *-generic:128 UNCLAIMED
          description: System peripheral
          product: Intel Corporation
          vendor: Intel Corporation
          physical id: 80
          bus info: pci@0000:ff:13.1
          version: 01
          width: 32 bits
          clock: 33MHz
          capabilities: pciexpress cap_list
          configuration: latency=0
     *-generic:129 UNCLAIMED
          description: System peripheral
          product: Intel Corporation
          vendor: Intel Corporation
          physical id: 81
          bus info: pci@0000:ff:13.2
          version: 01
          width: 32 bits
          clock: 33MHz
          capabilities: pciexpress cap_list
          configuration: latency=0
     *-generic:130 UNCLAIMED
          description: System peripheral
          product: Intel Corporation
          vendor: Intel Corporation
          physical id: 8a
          bus info: pci@0000:ff:13.3
          version: 01
          width: 32 bits
          clock: 33MHz
          capabilities: pciexpress cap_list
          configuration: latency=0
     *-generic:131 UNCLAIMED
          description: System peripheral
          product: Intel Corporation
          vendor: Intel Corporation
          physical id: 8b
          bus info: pci@0000:ff:13.6
          version: 01
          width: 32 bits
          clock: 33MHz
          configuration: latency=0
     *-generic:132 UNCLAIMED
          description: System peripheral
          product: Intel Corporation
          vendor: Intel Corporation
          physical id: 8c
          bus info: pci@0000:ff:13.7
          version: 01
          width: 32 bits
          clock: 33MHz
          configuration: latency=0
     *-generic:133 UNCLAIMED
          description: System peripheral
          product: Intel Corporation
          vendor: Intel Corporation
          physical id: 8d
          bus info: pci@0000:ff:14.0
          version: 01
          width: 32 bits
          clock: 33MHz
          capabilities: pciexpress cap_list
          configuration: latency=0
     *-generic:134 UNCLAIMED
          description: System peripheral
          product: Intel Corporation
          vendor: Intel Corporation
          physical id: 8e
          bus info: pci@0000:ff:14.1
          version: 01
          width: 32 bits
          clock: 33MHz
          capabilities: pciexpress cap_list
          configuration: latency=0
     *-generic:135 UNCLAIMED
          description: System peripheral
          product: Intel Corporation
          vendor: Intel Corporation
          physical id: 8f
          bus info: pci@0000:ff:14.2
          version: 01
          width: 32 bits
          clock: 33MHz
          capabilities: pciexpress cap_list
          configuration: latency=0
     *-generic:136 UNCLAIMED
          description: System peripheral
          product: Intel Corporation
          vendor: Intel Corporation
          physical id: 90
          bus info: pci@0000:ff:14.3
          version: 01
          width: 32 bits
          clock: 33MHz
          capabilities: pciexpress cap_list
          configuration: latency=0
     *-generic:137 UNCLAIMED
          description: System peripheral
          product: Intel Corporation
          vendor: Intel Corporation
          physical id: 91
          bus info: pci@0000:ff:14.4
          version: 01
          width: 32 bits
          clock: 33MHz
          configuration: latency=0
     *-generic:138 UNCLAIMED
          description: System peripheral
          product: Intel Corporation
          vendor: Intel Corporation
          physical id: 92
          bus info: pci@0000:ff:14.5
          version: 01
          width: 32 bits
          clock: 33MHz
          configuration: latency=0
     *-generic:139 UNCLAIMED
          description: System peripheral
          product: Intel Corporation
          vendor: Intel Corporation
          physical id: 93
          bus info: pci@0000:ff:14.6
          version: 01
          width: 32 bits
          clock: 33MHz
          configuration: latency=0
     *-generic:140 UNCLAIMED
          description: System peripheral
          product: Intel Corporation
          vendor: Intel Corporation
          physical id: 94
          bus info: pci@0000:ff:14.7
          version: 01
          width: 32 bits
          clock: 33MHz
          configuration: latency=0
     *-generic:141 UNCLAIMED
          description: System peripheral
          product: Intel Corporation
          vendor: Intel Corporation
          physical id: 95
          bus info: pci@0000:ff:16.0
          version: 01
          width: 32 bits
          clock: 33MHz
          capabilities: pciexpress cap_list
          configuration: latency=0
     *-generic:142 UNCLAIMED
          description: System peripheral
          product: Intel Corporation
          vendor: Intel Corporation
          physical id: 96
          bus info: pci@0000:ff:16.1
          version: 01
          width: 32 bits
          clock: 33MHz
          capabilities: pciexpress cap_list
          configuration: latency=0
     *-generic:143 UNCLAIMED
          description: System peripheral
          product: Intel Corporation
          vendor: Intel Corporation
          physical id: 97
          bus info: pci@0000:ff:16.2
          version: 01
          width: 32 bits
          clock: 33MHz
          capabilities: pciexpress cap_list
          configuration: latency=0
     *-generic:144 UNCLAIMED
          description: System peripheral
          product: Intel Corporation
          vendor: Intel Corporation
          physical id: 98
          bus info: pci@0000:ff:16.3
          version: 01
          width: 32 bits
          clock: 33MHz
          capabilities: pciexpress cap_list
          configuration: latency=0
     *-generic:145 UNCLAIMED
          description: System peripheral
          product: Intel Corporation
          vendor: Intel Corporation
          physical id: 99
          bus info: pci@0000:ff:16.6
          version: 01
          width: 32 bits
          clock: 33MHz
          configuration: latency=0
     *-generic:146 UNCLAIMED
          description: System peripheral
          product: Intel Corporation
          vendor: Intel Corporation
          physical id: 9a
          bus info: pci@0000:ff:16.7
          version: 01
          width: 32 bits
          clock: 33MHz
          configuration: latency=0
     *-generic:147 UNCLAIMED
          description: System peripheral
          product: Intel Corporation
          vendor: Intel Corporation
          physical id: 9b
          bus info: pci@0000:ff:17.0
          version: 01
          width: 32 bits
          clock: 33MHz
          capabilities: pciexpress cap_list
          configuration: latency=0
     *-generic:148 UNCLAIMED
          description: System peripheral
          product: Intel Corporation
          vendor: Intel Corporation
          physical id: 9c
          bus info: pci@0000:ff:17.1
          version: 01
          width: 32 bits
          clock: 33MHz
          capabilities: pciexpress cap_list
          configuration: latency=0
     *-generic:149 UNCLAIMED
          description: System peripheral
          product: Intel Corporation
          vendor: Intel Corporation
          physical id: 9d
          bus info: pci@0000:ff:17.2
          version: 01
          width: 32 bits
          clock: 33MHz
          capabilities: pciexpress cap_list
          configuration: latency=0
     *-generic:150 UNCLAIMED
          description: System peripheral
          product: Intel Corporation
          vendor: Intel Corporation
          physical id: 9e
          bus info: pci@0000:ff:17.3
          version: 01
          width: 32 bits
          clock: 33MHz
          capabilities: pciexpress cap_list
          configuration: latency=0
     *-generic:151 UNCLAIMED
          description: System peripheral
          product: Intel Corporation
          vendor: Intel Corporation
          physical id: 9f
          bus info: pci@0000:ff:17.4
          version: 01
          width: 32 bits
          clock: 33MHz
          configuration: latency=0
     *-generic:152 UNCLAIMED
          description: System peripheral
          product: Intel Corporation
          vendor: Intel Corporation
          physical id: a0
          bus info: pci@0000:ff:17.5
          version: 01
          width: 32 bits
          clock: 33MHz
          configuration: latency=0
     *-generic:153 UNCLAIMED
          description: System peripheral
          product: Intel Corporation
          vendor: Intel Corporation
          physical id: a1
          bus info: pci@0000:ff:17.6
          version: 01
          width: 32 bits
          clock: 33MHz
          configuration: latency=0
     *-generic:154 UNCLAIMED
          description: System peripheral
          product: Intel Corporation
          vendor: Intel Corporation
          physical id: a2
          bus info: pci@0000:ff:17.7
          version: 01
          width: 32 bits
          clock: 33MHz
          configuration: latency=0
     *-generic:155 UNCLAIMED
          description: System peripheral
          product: Intel Corporation
          vendor: Intel Corporation
          physical id: a3
          bus info: pci@0000:ff:1e.0
          version: 01
          width: 32 bits
          clock: 33MHz
          configuration: latency=0
     *-generic:156 UNCLAIMED
          description: System peripheral
          product: Intel Corporation
          vendor: Intel Corporation
          physical id: a4
          bus info: pci@0000:ff:1e.1
          version: 01
          width: 32 bits
          clock: 33MHz
          configuration: latency=0
     *-generic:157 UNCLAIMED
          description: System peripheral
          product: Intel Corporation
          vendor: Intel Corporation
          physical id: a5
          bus info: pci@0000:ff:1e.2
          version: 01
          width: 32 bits
          clock: 33MHz
          configuration: latency=0
     *-generic:158 UNCLAIMED
          description: System peripheral
          product: Intel Corporation
          vendor: Intel Corporation
          physical id: a6
          bus info: pci@0000:ff:1e.3
          version: 01
          width: 32 bits
          clock: 33MHz
          configuration: latency=0
     *-generic:159 UNCLAIMED
          description: System peripheral
          product: Intel Corporation
          vendor: Intel Corporation
          physical id: a7
          bus info: pci@0000:ff:1e.4
          version: 01
          width: 32 bits
          clock: 33MHz
          configuration: latency=0
     *-generic:160 UNCLAIMED
          description: System peripheral
          product: Intel Corporation
          vendor: Intel Corporation
          physical id: a8
          bus info: pci@0000:ff:1f.0
          version: 01
          width: 32 bits
          clock: 33MHz
          configuration: latency=0
     *-generic:161 UNCLAIMED
          description: System peripheral
          product: Intel Corporation
          vendor: Intel Corporation
          physical id: a9
          bus info: pci@0000:ff:1f.2
          version: 01
          width: 32 bits
          clock: 33MHz
          configuration: latency=0
  *-power:0 UNCLAIMED
       description: PWS-2K04A-240
       product: PWS-2K04A-240
       vendor: SUPERMICRO
       physical id: 1
       version: 1.0
       serial: P2K5ACG19FB1648
       capacity: 2000mWh
  *-power:1 UNCLAIMED
       description: PWS-2K04A-240
       product: PWS-2K04A-240
       vendor: SUPERMICRO
       physical id: 2
       version: 1.0
       serial: P2K5ACG19FB1647
       capacity: 2000mWh
