waiting for 1 second sample...

# INFINIBAND STATISTICS (/sec)
#Time     HCA    KBIn   PktIn  SizeIn   KBOut  PktOut SizeOut  Errors
17:18:49    0       0       0       0       0       0       0       0
17:18:50    0       0       0       0       0       0       0       0
17:18:51    0       0       0       0       0       0       0       0
17:18:52    0     100    5115      20 1107012   1048K    1081       0
17:18:53    0       0       0       0       0       0       0       0
17:18:54    0       0       0       0       0       0       0       0
17:18:55    0       0       0       0       0       0       0       0
17:18:56    0       0       0       0       0       0       0       0
17:18:57    0       0       0       0       0       0       0       0
17:18:58    0     163    8335      20 1803899   1708K    1081       0
17:18:59    0       0       0       0       0       0       0       0
17:19:00    0       0       0       0       0       0       0       0
17:19:01    0       0       0       0       0       0       0       0
17:19:02    0       0       0       0       0       0       0       0
17:19:03    0      91    4642      20 1004022  952221    1080       0
17:19:04    0       6     313      20   68362   63554    1101       0
17:19:05    0       0       0       0       0       0       0       0
17:19:06    0      94    4817      20 1042087  987077    1081       0
17:19:07    0       0      10      20    2164    2050    1081       0
17:19:08    0       0       0       0       0       0       0       0
17:19:09    0       0       0       0       0       0       0       0
17:19:10    0       0       0       0       0       0       0       0

# INFINIBAND STATISTICS (/sec)
#Time     HCA    KBIn   PktIn  SizeIn   KBOut  PktOut SizeOut  Errors
17:19:11    0      81    4135      20  894323  848286    1080       0
17:19:12    0      79    4060      20  879277  831689    1083       0
17:19:13    0       0       0       0       0       0       0       0
17:19:14    0       0       0       0       0       0       0       0
17:19:15    0       0       0       0       0       0       0       0
17:19:16    0       0       0       0       0       0       0       0
17:19:17    0      96    4940      20 1070326   1013K    1081       0
17:19:18    0       0       0       0       0       0       0       0
17:19:19    0       3     139      19   29464   29038    1039       0
17:19:20    0      94    4791      20 1037509  981612    1082       0
17:19:21    0       0       0       0       0       0       0       0
17:19:22    0       0       0       0       0       0       0       0
17:19:23    0       0       0       0       0       0       0       0
17:19:24    0       0       0       0       0       0       0       0
17:19:25    0     112    5750      20 1244839   1179K    1081       0
17:19:26    0       0       0       0       0       0       0       0
17:19:27    0       3     138      19   29469   29047    1039       0
17:19:28    0      94    4802      20 1039669  983653    1082       0
17:19:29    0       0       0       0       0       0       0       0
17:19:30    0       0       0       0       0       0       0       0
17:19:31    0       0       0       0       0       0       0       0
17:19:32    0       0       0       0       0       0       0       0

# INFINIBAND STATISTICS (/sec)
#Time     HCA    KBIn   PktIn  SizeIn   KBOut  PktOut SizeOut  Errors
17:19:33    0     163    8330      20 1802817   1707K    1081       0
17:19:34    0       0       0       0       0       0       0       0
17:19:35    0       0       0       0       0       0       0       0
17:19:36    0       0       0       0       0       0       0       0
17:19:37    0       0       0       0       0       0       0       0
17:19:38    0     106    5412      20 1172770   1110K    1081       0
17:19:39    0       0       0       0       0       0       0       0
17:19:40    0       0       0       0       0       0       0       0
17:19:41    0      96    4895      20 1059398   1003K    1081       0
17:19:42    0       0       0       0       0       0       0       0
17:19:43    0       0       0       0       0       0       0       0
17:19:44    0       1       2     280       0       0       0       0
17:19:45    0       1       2     280       4       4    1082       0
17:19:46    0       0       0       0       1       4     338       0
17:19:47    0       0       0       0       0       0       0       0
17:19:48    0       0       0       0       0       0       0       0
17:19:49    0       0       0       0       0       0       0       0
17:19:50    0       0       0       0       0       0       0       0
17:19:51    0       0       0       0       0       0       0       0
17:19:52    0       0       0       0       0       0       0       0
17:19:53    0       0       0       0       0       0       0       0
17:19:54    0       0       0       0       0       0       0       0

# INFINIBAND STATISTICS (/sec)
#Time     HCA    KBIn   PktIn  SizeIn   KBOut  PktOut SizeOut  Errors
17:19:55    0       0       0       0       0       0       0       0
17:19:56    0       0       0       0       0       0       0       0
17:19:57    0       0       0       0       0       0       0       0
17:19:58    0       0       0       0       0       0       0       0
17:19:59    0       0       0       0       0       0       0       0
17:20:00    0       0       0       0       0       0       0       0
17:20:01    0       0       0       0       0       0       0       0
17:20:02    0       0       0       0       0       0       0       0
17:20:03    0       0       0       0       0       0       0       0
17:20:04    0       0       0       0       0       0       0       0
17:20:05    0       0       0       0       0       0       0       0
17:20:06    0       0       0       0       0       0       0       0
17:20:07    0       0       0       0       0       0       0       0
17:20:08    0       0       0       0       0       0       0       0
17:20:09    0       0       0       0       0       0       0       0
17:20:10    0       0       0       0       0       0       0       0
17:20:11    0       0       0       0       0       0       0       0
17:20:12    0       0       0       0       0       0       0       0
17:20:13    0       0       0       0       0       0       0       0
17:20:14    0       0       0       0       0       0       0       0
17:20:15    0       0       0       0       0       0       0       0
17:20:16    0       0       0       0       0       0       0       0

# INFINIBAND STATISTICS (/sec)
#Time     HCA    KBIn   PktIn  SizeIn   KBOut  PktOut SizeOut  Errors
17:20:17    0       0       0       0       0       0       0       0
17:20:18    0       0       0       0       0       0       0       0
17:20:19    0       0       0       0       0       0       0       0
17:20:20    0       0       0       0       0       0       0       0
17:20:21    0       0       0       0       0       0       0       0
17:20:22    0       0       0       0       0       0       0       0
17:20:23    0       0       0       0       0       0       0       0
17:20:24    0       0       0       0       0       0       0       0
17:20:25    0       0       0       0       0       0       0       0
17:20:26    0       0       0       0       0       0       0       0
17:20:27    0       0       0       0       0       0       0       0
17:20:28    0       0       0       0       0       0       0       0
17:20:29    0       0       0       0       0       0       0       0
17:20:30    0       0       0       0       0       0       0       0
17:20:31    0       0       0       0       0       0       0       0
17:20:32    0       1       4     280       3       8     338       0
17:20:33    0       0       0       0       0       0       0       0
17:20:34    0       0       0       0       0       0       0       0
17:20:35    0     221   11320      20 2477522   2347K    1081       0
17:20:36    0      72    3672      20  798555  755282    1083       0
17:20:37    0       0       0       0       0       0       0       0
17:20:38    0       0       0       0       0       0       0       0

# INFINIBAND STATISTICS (/sec)
#Time     HCA    KBIn   PktIn  SizeIn   KBOut  PktOut SizeOut  Errors
17:20:39    0      11     585      20  126213  120680    1071       0
17:20:40    0     301   15422      20 3353005   3174K    1081       0
17:20:41    0       0       0       0       0       0       0       0
17:20:42    0       0       0       0       0       0       0       0
17:20:43    0       0       0       0       0       0       0       0
17:20:44    0     182    9331      20 2023176   1916K    1081       0
17:20:45    0     120    6143      20 1328669   1259K    1080       0
17:20:46    0       3     147      21   32641   29805    1121       0
17:20:47    0       0       0       0       0       0       0       0
17:20:48    0       0       0       0       0       0       0       0
17:20:49    0       0       0       0       0       0       0       0
17:20:50    0      53    2702      20  584126  554389    1079       0
17:20:51    0     160    8193      20 1773820   1679K    1082       0
17:20:52    0       0       0       0       0       0       0       0
17:20:53    0       0       0       0       0       0       0       0
17:20:54    0       0       0       0       0       0       0       0
17:20:55    0       0       0       0       0       0       0       0
17:20:56    0     210   10737      20 2335239   2211K    1081       0
17:20:57    0       0       0       0       0       0       0       0
17:20:58    0       0       0       0       0       0       0       0
17:20:59    0       0       5      20    1082    1025    1081       0
17:21:00    0       0       0       0       0       0       0       0

# INFINIBAND STATISTICS (/sec)
#Time     HCA    KBIn   PktIn  SizeIn   KBOut  PktOut SizeOut  Errors
17:21:01    0     123    6290      20 1361311   1289K    1081       0
17:21:02    0       0       0       0       0       0       0       0
17:21:03    0       0       0       0       0       0       0       0
17:21:04    0       0       0       0       0       0       0       0
17:21:05    0       0       0       0       0       0       0       0
17:21:06    0      44    2266      20  490692  464791    1081       0
17:21:07    0       0       0       0       0       0       0       0
17:21:08    0       5     255      20   55188   52275    1081       0
17:21:09    0       0       0       0       0       0       0       0
17:21:10    0      39    1987      20  429680  406999    1081       0
17:21:11    0       0       0       0       0       0       0       0
17:21:12    0      88    4525      20  979321  927625    1081       0
17:21:13    0       0       0       0       0       0       0       0
17:21:14    0     153    7828      20 1693082   1604K    1080       0
17:21:15    0     114    5842      20 1265809   1197K    1082       0
17:21:16    0      69    3562      20  770286  730696    1079       0
17:21:17    0      53    2703      20  585614  553629    1083       0
17:21:18    0       0       0       0       0       0       0       0
17:21:19    0       0       0       0       0       0       0       0
17:21:20    0       0       0       0       0       0       0       0
17:21:21    0       0       0       0       0       0       0       0
17:21:22    0     208   10670      20 2309251   2187K    1081       0

# INFINIBAND STATISTICS (/sec)
#Time     HCA    KBIn   PktIn  SizeIn   KBOut  PktOut SizeOut  Errors
17:21:23    0       0       0       0       0       0       0       0
17:21:24    0       0       0       0       0       0       0       0
17:21:25    0       0       0       0       0       0       0       0
17:21:26    0       0       0       0       0       0       0       0
17:21:27    0     207   10580      20 2289772   2168K    1081       0
17:21:28    0       0       0       0       0       0       0       0
17:21:29    0       0       0       0       0       0       0       0
17:21:30    0       0       0       0       0       0       0       0
17:21:31    0       0       0       0       0       0       0       0
17:21:32    0     123    6306      20 1364982   1292K    1081       0
17:21:33    0       0       0       0       0       0       0       0
17:21:34    0       0       0       0       0       0       0       0
17:21:35    0     122    6230      20 1348325   1277K    1081       0
17:21:36    0       0       0       0       0       0       0       0
17:21:37    0       0       0       0       0       0       0       0
17:21:38    0       0       0       0       0       0       0       0
17:21:39    0       0       0       0       0       0       0       0
17:21:40    0     212   10870      20 2352536   2228K    1081       0
17:21:41    0       0       0       0       0       0       0       0
17:21:42    0       0       0       0       0       0       0       0
17:21:43    0       0       0       0       0       0       0       0
17:21:44    0       0       0       0       0       0       0       0

# INFINIBAND STATISTICS (/sec)
#Time     HCA    KBIn   PktIn  SizeIn   KBOut  PktOut SizeOut  Errors
17:21:45    0     123    6305      20 1364557   1292K    1081       0
17:21:46    0       0       0       0       0       0       0       0
17:21:47    0      28    1418      20  306422  291327    1077       0
17:21:48    0      63    3224      20  706548  668181    1083       0
17:21:49    0       0       0       0       0       0       0       0
17:21:50    0       0       0       0       0       0       0       0
17:21:51    0       1      31      20      67      64    1067       0
17:21:52    0       0       0       0       0       0       0       0
17:21:53    0       0       0       0       0       0       0       0
17:21:54    0       0       0       0       0       0       0       0
17:21:55    0      81    4149      20  897072  850803    1080       0
17:21:56    0     203   10372      20 2250031   2130K    1082       0
17:21:57    0       0       0       0       0       0       0       0
17:21:58    0     124    6325      20 1368886   1296K    1081       0
17:21:59    0       0       0       0       0       0       0       0
17:22:00    0       0       0       0       0       0       0       0
17:22:01    0       0       0       0       0       0       0       0
17:22:02    0       0       0       0       0       0       0       0
17:22:03    0     209   10700      20 2315743   2193K    1081       0
17:22:04    0       0       0       0       0       0       0       0
17:22:05    0       0       0       0       0       0       0       0
17:22:06    0       0       0       0       0       0       0       0

# INFINIBAND STATISTICS (/sec)
#Time     HCA    KBIn   PktIn  SizeIn   KBOut  PktOut SizeOut  Errors
17:22:07    0       0       0       0       0       0       0       0
17:22:08    0     107    5466      20 1182001   1120K    1080       0
17:22:09    0      22    1101      20  238829  225294    1086       0
17:22:10    0       0      10      20    2164    2050    1081       0
17:22:11    0     123    6300      20 1364349   1292K    1081       0
17:22:12    0       0       0       0       0       0       0       0
17:22:13    0       0       0       0       0       0       0       0
17:22:14    0       0       0       0       0       0       0       0
17:22:15    0       0       0       0       0       0       0       0
17:22:16    0     100    5128      20 1109140   1051K    1080       0
17:22:17    0     113    5787      20 1253135   1185K    1082       0
17:22:18    0       0       0       0       0       0       0       0
17:22:19    0       0       0       0       0       0       0       0
17:22:20    0       0       0       0       0       0       0       0
17:22:21    0       0       0       0       0       0       0       0
17:22:22    0     129    6590      20 1426430   1351K    1081       0
17:22:23    0       0       0       0       0       0       0       0
17:22:24    0      38    1973      20  426191  404811    1078       0
17:22:25    0      83    4267      20  924298  874389    1082       0
17:22:26    0       0       0       0       0       0       0       0
17:22:27    0       0       0       0       0       0       0       0
17:22:28    0       0       0       0       0       0       0       0

# INFINIBAND STATISTICS (/sec)
#Time     HCA    KBIn   PktIn  SizeIn   KBOut  PktOut SizeOut  Errors
17:22:29    0       0       0       0       0       0       0       0
17:22:30    0     213   10915      20 2362275   2237K    1081       0
17:22:31    0       0       0       0       0       0       0       0
17:22:32    0       0       0       0       0       0       0       0
17:22:33    0       0       0       0       0       0       0       0
17:22:34    0       0       0       0       0       0       0       0
17:22:35    0     129    6620      20 1432930   1357K    1081       0
17:22:36    0       0       0       0       0       0       0       0
17:22:37    0      80    4109      20  888755  842907    1080       0
17:22:38    0      44    2231      20  483377  456793    1084       0
17:22:39    0       0       0       0       0       0       0       0
17:22:40    0       0       0       0       0       0       0       0
17:22:41    0       0       0       0       0       0       0       0
17:22:42    0       9     461      20   99154   95000    1069       0
17:22:43    0     205   10469      20 2266994   2146K    1082       0
17:22:44    0       0       0       0       0       0       0       0
17:22:45    0       0       0       0       0       0       0       0
17:22:46    0       0       0       0       0       0       0       0
17:22:47    0       0       0       0       0       0       0       0
17:22:48    0      85    4329      20  938146  888625    1081       0
17:22:49    0       0       0       0       0       0       0       0
17:22:50    0       0       0       0       0       0       0       0

# INFINIBAND STATISTICS (/sec)
#Time     HCA    KBIn   PktIn  SizeIn   KBOut  PktOut SizeOut  Errors
17:22:51    0       0       0       0       0       0       0       0
17:22:52    0       1      32      20     270     256    1078       0
17:22:53    0       0       0       0       0       0       0       0
17:22:54    0       0       0       0       0       0       0       0
17:22:55    0       0       0       0       0       0       0       0
17:22:56    0      53    2696      20  596961  565458    1081       0
17:22:57    0       0       0       0       0       0       0       0
17:22:58    0       0       0       0       0       0       0       0
17:22:59    0       0       0       0       0       0       0       0
17:23:00    0      80    4084      20  882856  837348    1080       0
17:23:01    0     352   18011      20 3904159   3696K    1081       0
17:23:02    0       0       0       0       0       0       0       0
17:23:03    0     122    6270      20 1356982   1285K    1081       0
17:23:04    0       0       0       0       0       0       0       0
17:23:05    0       0       0       0       0       0       0       0
17:23:06    0     120    6160      20 1333531   1263K    1081       0
17:23:07    0       0       0       0       0       0       0       0
17:23:08    0       0       0       0       0       0       0       0
17:23:09    0       0       0       0       0       0       0       0
17:23:10    0       0       0       0       0       0       0       0
17:23:11    0     208   10667      20 2311002   2189K    1081       0
17:23:12    0       0       0       0       0       0       0       0

# INFINIBAND STATISTICS (/sec)
#Time     HCA    KBIn   PktIn  SizeIn   KBOut  PktOut SizeOut  Errors
17:23:13    0       0       0       0       0       0       0       0
17:23:14    0       0       0       0       0       0       0       0
17:23:15    0       0       0       0       0       0       0       0
17:23:16    0      87    4464      20  965458  915602    1080       0
17:23:17    0      21    1049      20  235699  222148    1086       0
17:23:18    0       0       0       0       0       0       0       0
17:23:19    0       0       0       0       0       0       0       0
17:23:20    0     122    6251      20 1356278   1284K    1081       0
17:23:21    0       0       0       0       0       0       0       0
17:23:22    0     123    6290      20 1364622   1292K    1081       0
17:23:23    0       0       0       0       0       0       0       0
17:23:24    0       0       1      20     125     119    1074       0
17:23:25    0     213   10895      20 2357946   2233K    1081       0
17:23:26    0       0       0       0       0       0       0       0
17:23:27    0       0       0       0       0       0       0       0
17:23:28    0       0       0       0       0       0       0       0
17:23:29    0       0       0       0       0       0       0       0
17:23:30    0     123    6295      20 1362393   1290K    1081       0
17:23:31    0       0       0       0       0       0       0       0
17:23:32    0       0       0       0       0       0       0       0
17:23:33    0     122    6255      20 1354462   1282K    1081       0
17:23:34    0       0       0       0       0       0       0       0

# INFINIBAND STATISTICS (/sec)
#Time     HCA    KBIn   PktIn  SizeIn   KBOut  PktOut SizeOut  Errors
17:23:35    0       0       0       0       0       0       0       0
17:23:36    0       0       0       0       0       0       0       0
17:23:37    0       0       0       0       0       0       0       0
17:23:38    0     214   10980      20 2376342   2250K    1081       0
17:23:39    0       0       0       0       0       0       0       0
17:23:40    0       0       0       0       0       0       0       0
17:23:41    0       0       0       0       0       0       0       0
17:23:42    0       0       0       0       0       0       0       0
17:23:43    0     130    6652      20 1441148   1365K    1081       0
17:23:44    0       0       0       0       0       0       0       0
17:23:45    0      11     560      20  120550  115544    1068       0
17:23:46    0     113    5755      20 1246172   1179K    1082       0
17:23:47    0       0       0       0       0       0       0       0
17:23:48    0       0       0       0       0       0       0       0
17:23:49    0       0       0       0       0       0       0       0
17:23:50    0       0       0       0       0       0       0       0
17:23:51    0     214   10933      20 2375896   2250K    1081       0
17:23:52    0       0       0       0       0       0       0       0
17:23:53    0       0       0       0       0       0       0       0
17:23:54    0       0       0       0       0       0       0       0
17:23:55    0       0       0       0       0       0       0       0
17:23:56    0     124    6345      20 1373214   1300K    1081       0

# INFINIBAND STATISTICS (/sec)
#Time     HCA    KBIn   PktIn  SizeIn   KBOut  PktOut SizeOut  Errors
17:23:57    0       0       0       0       0       0       0       0
17:23:58    0      92    4722      20 1021487  968631    1080       0
17:23:59    0      31    1573      20  340906  321844    1085       0
17:24:00    0       0       0       0       0       0       0       0
17:24:01    0       0       0       0       0       0       0       0
17:24:02    0       0       0       0       0       0       0       0
17:24:03    0      43    2199      20  475491  451499    1078       0
17:24:04    0     140    7158      20 1550352   1467K    1082       0
17:24:05    0      28    1415      20  306241  290075    1081       0
17:24:06    0       0       0       0       0       0       0       0
17:24:07    0       0       0       0       0       0       0       0
17:24:08    0       0       0       0       0       0       0       0
17:24:09    0     129    6605      20 1429485   1354K    1081       0
17:24:10    0       0       0       0       0       0       0       0
17:24:11    0     123    6290      20 1361677   1289K    1081       0
17:24:12    0       0       0       0       0       0       0       0
17:24:13    0       0       0       0       0       0       0       0
17:24:14    0       0       0       0       0       0       0       0
17:24:15    0       0       0       0       0       0       0       0
17:24:16    0       0       0       0       0       0       0       0
17:24:17    0     214   10935      20 2366603   2241K    1081       0
17:24:18    0       0       0       0       0       0       0       0

# INFINIBAND STATISTICS (/sec)
#Time     HCA    KBIn   PktIn  SizeIn   KBOut  PktOut SizeOut  Errors
17:24:19    0       0       0       0       0       0       0       0
17:24:20    0       0       0       0       0       0       0       0
17:24:21    0     123    6310      20 1365639   1293K    1081       0
17:24:22    0       0       0       0       0       0       0       0
17:24:23    0     123    6280      20 1359147   1287K    1081       0
17:24:24    0       0       0       0       0       0       0       0
17:24:25    0       0       0       0       0       0       0       0
17:24:26    0       0       0       0       0       0       0       0
17:24:27    0     110    5655      20 1223587   1160K    1080       0
17:24:28    0     104    5306      20 1148733   1087K    1082       0
17:24:29    0       0       0       0       0       0       0       0
17:24:30    0       0       0       0       0       0       0       0
17:24:31    0      62    3197      20  692978  657265    1080       0
17:24:32    0      45    2317      20  504312  476837    1083       0
17:24:33    0       0       0       0       0       0       0       0
17:24:34    0       0       0       0       0       0       0       0
17:24:35    0       0       0       0       0       0       0       0
17:24:36    0     191    9793      20 2114008   2002K    1081       0
17:24:37    0       0       0       0       0       0       0       0
17:24:38    0       0       0       0       0       0       0       0
17:24:39    0       0       0       0       0       0       0       0
17:24:40    0      10     492      20  116113  109991    1081       0

# INFINIBAND STATISTICS (/sec)
#Time     HCA    KBIn   PktIn  SizeIn   KBOut  PktOut SizeOut  Errors
17:24:41    0       0       0       0       0       0       0       0
17:24:42    0       0       0       0       0       0       0       0
17:24:43    0       0       0       0       0       0       0       0
17:24:44    0      77    3961      20  857064  812869    1080       0
17:24:45    0      30    1533      20  351428  331836    1084       0
17:24:46    0       0       0       0       0       0       0       0
17:24:47    0       0       0       0       0       0       0       0
17:24:48    0       0       0       0       0       0       0       0
17:24:49    0      73    3760      20  814174  771197    1081       0
17:24:50    0       0       0       0       0       0       0       0
17:24:51    0       0       0       0       0       0       0       0
17:24:52    0       0       0       0       0       0       0       0
17:24:53    0     219   11234      20 2432194   2304K    1081       0
17:24:54    0     361   18454      20 3994755   3782K    1081       0
17:24:55    0     122    6240      20 1350490   1279K    1081       0
17:24:56    0       0       0       0       0       0       0       0
17:24:57    0       0       0       0       0       0       0       0
17:24:58    0     208   10665      20 2311640   2189K    1081       0
17:24:59    0       0       0       0       0       0       0       0
17:25:00    0       0       0       0       0       0       0       0
17:25:01    0       0       0       0       0       0       0       0
17:25:02    0     127    6521      20 1416259   1341K    1081       0

# INFINIBAND STATISTICS (/sec)
#Time     HCA    KBIn   PktIn  SizeIn   KBOut  PktOut SizeOut  Errors
17:25:03    0       0       0       0       0       0       0       0
17:25:04    0     123    6300      20 1364942   1292K    1081       0
17:25:05    0       0       0       0       0       0       0       0
17:25:06    0       0       0       0       0       0       0       0
17:25:07    0       0       0       0       0       0       0       0
17:25:08    0      62    3166      20  679601  643728    1081       0
17:25:09    0       0       0       0       0       0       0       0
17:25:10    0       5     270      20   58435   55350    1081       0
17:25:11    0       0       0       0       0       0       0       0
17:25:12    0       6     309      20   66082   63669    1063       0
17:25:13    0     290   14837      20 3211674   3041K    1081       0
17:25:14    0       0       0       0       0       0       0       0
17:25:15    0       0       0       0       0       0       0       0
17:25:16    0       0       0       0       0       0       0       0
17:25:17    0     211   10795      20 2342583   2218K    1081       0
17:25:18    0       0       0       0       0       0       0       0
17:25:19    0       0       0       0       0       0       0       0
17:25:20    0       0       0       0       0       0       0       0
17:25:21    0     173    8875      20 1927297   1825K    1081       0
17:25:22    0       0       0       0       0       0       0       0
17:25:23    0      55    2834      20  613120  580756    1081       0
17:25:24    0       0       0       0       0       0       0       0

# INFINIBAND STATISTICS (/sec)
#Time     HCA    KBIn   PktIn  SizeIn   KBOut  PktOut SizeOut  Errors
17:25:25    0     123    6300      20 1363475   1291K    1081       0
17:25:26    0       0       0       0       0       0       0       0
17:25:27    0       0       0       0       0       0       0       0
17:25:28    0       0       0       0       0       0       0       0
17:25:29    0     209   10676      20 2332138   2209K    1081       0
17:25:30    0       0       0       0       0       0       0       0
17:25:31    0      36    1820      20  393893  373100    1081       0
17:25:32    0     219   11203      20 2423770   2296K    1081       0
17:25:33    0      66    3381      20  732526  692765    1083       0
17:25:34    0     124    6339      20 1374084   1301K    1081       0
17:25:35    0       0       0       0       0       0       0       0
17:25:36    0       0       5      20    1082    1025    1081       0
17:25:37    0       0       0       0       0       0       0       0
17:25:38    0       0       0       0       0       0       0       0
17:25:39    0     208   10675      20 2310333   2188K    1081       0
17:25:40    0       0       0       0       0       0       0       0
17:25:41    0       0       0       0       0       0       0       0
17:25:42    0       0       0       0       0       0       0       0
17:25:43    0       0       0       0       0       0       0       0
17:25:44    0     129    6615      20 1431649   1356K    1081       0
17:25:45    0       0       0       0       0       0       0       0
17:25:46    0       0       0       0       0       0       0       0

# INFINIBAND STATISTICS (/sec)
#Time     HCA    KBIn   PktIn  SizeIn   KBOut  PktOut SizeOut  Errors
17:25:47    0     122    6260      20 1354818   1283K    1081       0
17:25:48    0       0       0       0       0       0       0       0
17:25:49    0       0       0       0       0       0       0       0
17:25:50    0       0       0       0       0       0       0       0
17:25:51    0       0       0       0       0       0       0       0
17:25:52    0     215   11000      20 2382240   2256K    1081       0
17:25:53    0       0       0       0       0       0       0       0
17:25:54    0       0       0       0       0       0       0       0
17:25:55    0       0       0       0       0       0       0       0
17:25:56    0       0       5      20    1082    1025    1081       0
17:25:57    0     130    6650      20 1439224   1363K    1081       0
17:25:58    0       0       0       0       0       0       0       0
17:25:59    0     122    6260      20 1354818   1283K    1081       0
17:26:00    0       0       0       0       0       0       0       0
17:26:01    0       0       0       0       0       0       0       0
17:26:02    0       0       0       0       0       0       0       0
17:26:03    0     214   10937      20 2367841   2242K    1081       0
17:26:04    0       0       0       0       0       0       0       0
17:26:05    0       0       0       0       0       0       0       0
17:26:06    0       0       0       0       0       0       0       0
17:26:07    0     129    6616      20 1433095   1357K    1081       0
17:26:08    0       0       0       0       0       0       0       0

# INFINIBAND STATISTICS (/sec)
#Time     HCA    KBIn   PktIn  SizeIn   KBOut  PktOut SizeOut  Errors
17:26:09    0     121    6215      20 1345079   1274K    1081       0
17:26:10    0       0       0       0       0       0       0       0
17:26:11    0       0       0       0       0       0       0       0
17:26:12    0       0       0       0       0       0       0       0
17:26:13    0     135    6902      20 1493119   1415K    1080       0
17:26:14    0      77    3948      20  855088  808854    1083       0
17:26:15    0       0       0       0       0       0       0       0
17:26:16    0       0       0       0       0       0       0       0
17:26:17    0      56    2849      20  615666  584251    1079       0
17:26:18    0      68    3476      20  753220  712374    1083       0
17:26:19    0       2      99      19   21189   21161    1025       0
17:26:20    0      62    3147      20  687211  649850    1083       0
17:26:21    0       0       0       0       0       0       0       0
17:26:22    0     126    6475      20 1396536   1322K    1081       0
17:26:23    0       0       0       0       0       0       0       0
17:26:24    0     123    6285      20 1360229   1288K    1081       0
17:26:25    0       0       0       0       0       0       0       0
17:26:26    0       0       0       0       0       0       0       0
17:26:27    0       0       0       0       0       0       0       0
17:26:28    0     213   10895      20 2357946   2233K    1081       0
17:26:29    0       0       0       0       0       0       0       0
17:26:30    0       0       0       0       0       0       0       0

# INFINIBAND STATISTICS (/sec)
#Time     HCA    KBIn   PktIn  SizeIn   KBOut  PktOut SizeOut  Errors
17:26:31    0       0       0       0       0       0       0       0
17:26:32    0     130    6662      20 1444319   1368K    1081       0
17:26:33    0       0       0       0       0       0       0       0
17:26:34    0     122    6265      20 1355900   1284K    1081       0
17:26:35    0       0       0       0       0       0       0       0
17:26:36    0       0       0       0       0       0       0       0
17:26:37    0       0       0       0       0       0       0       0
17:26:38    0     138    7084      20 1535072   1455K    1080       0
17:26:39    0      46    2369      20  513047  484654    1084       0
17:26:40    0       0       0       0       0       0       0       0
17:26:41    0      30    1558      20  337260  319457    1081       0
17:26:42    0      71    3616      20  781962  741795    1079       0
17:26:43    0      53    2689      20  582596  550730    1083       0
17:26:44    0      48    2469      20  533573  506688    1078       0
17:26:45    0      74    3781      20  819081  774562    1083       0
17:26:46    0       0       0       0       0       0       0       0
17:26:47    0       0       0       0       0       0       0       0
17:26:48    0       2     121      19   25599   25363    1034       0
17:26:49    0     214   10934      20 2367422   2241K    1082       0
17:26:50    0       0       0       0       0       0       0       0
17:26:51    0       0       0       0       0       0       0       0
17:26:52    0       0       0       0       0       0       0       0

# INFINIBAND STATISTICS (/sec)
#Time     HCA    KBIn   PktIn  SizeIn   KBOut  PktOut SizeOut  Errors
17:26:53    0     129    6591      20 1427208   1351K    1081       0
17:26:54    0       0       0       0       0       0       0       0
17:26:55    0     123    6306      20 1366197   1294K    1081       0
17:26:56    0       0       0       0       0       0       0       0
17:26:57    0       0       0       0       0       0       0       0
17:26:58    0       0       0       0       0       0       0       0
17:26:59    0     213   10920      20 2363357   2238K    1081       0
17:27:00    0       0       0       0       0       0       0       0
17:27:01    0       0       0       0       0       0       0       0
17:27:02    0       0       0       0       0       0       0       0
17:27:03    0     125    6395      20 1384035   1310K    1081       0
17:27:04    0       0       0       0       0       0       0       0
17:27:05    0     124    6340      20 1372132   1299K    1081       0
17:27:06    0       0       0       0       0       0       0       0
17:27:07    0       0       0       0       0       0       0       0
17:27:08    0       0       0       0       0       0       0       0
17:27:09    0      29    1483      20  321335  305452    1077       0
17:27:10    0     149    7629      20 1670354   1581K    1082       0
17:27:11    0       0       0       0       0       0       0       0
17:27:12    0      36    1825      20  394975  374125    1081       0
17:27:13    0       0       0       0       0       0       0       0
17:27:14    0       0       2      20     417     396    1080       0

# INFINIBAND STATISTICS (/sec)
#Time     HCA    KBIn   PktIn  SizeIn   KBOut  PktOut SizeOut  Errors
17:27:15    0     125    6390      20 1382953   1309K    1081       0
17:27:16    0       0       0       0       0       0       0       0
17:27:17    0       0       0       0       0       0       0       0
17:27:18    0     123    6290      20 1361311   1289K    1081       0
17:27:19    0       0       0       0       0       0       0       0
17:27:20    0       0       0       0       0       0       0       0
17:27:21    0       0       0       0       0       0       0       0
17:27:22    0       0       0       0       0       0       0       0
17:27:23    0     214   10977      20 2377280   2251K    1081       0
17:27:24    0       0       0       0       0       0       0       0
17:27:25    0       0       0       0       0       0       0       0
17:27:26    0       0       0       0       0       0       0       0
17:27:27    0       0       0       0       0       0       0       0
17:27:28    0     129    6590      20 1426238   1350K    1081       0
17:27:29    0       0       0       0       0       0       0       0
17:27:30    0      82    4197      20  907513  860687    1080       0
17:27:31    0      41    2098      20  454880  429788    1084       0
17:27:32    0       0       0       0       0       0       0       0
17:27:33    0       0       0       0       0       0       0       0
17:27:34    0       0       0       0       0       0       0       0
17:27:35    0     211   10810      20 2339550   2216K    1081       0
17:27:36    0       0       0       0       0       0       0       0

# INFINIBAND STATISTICS (/sec)
#Time     HCA    KBIn   PktIn  SizeIn   KBOut  PktOut SizeOut  Errors
17:27:37    0       0       0       0       0       0       0       0
17:27:38    0       0       0       0       0       0       0       0
17:27:39    0       0       0       0       0       0       0       0
17:27:40    0     109    5572      20 1205314   1142K    1080       0
17:27:41    0      20    1008      20  218760  206112    1087       0
17:27:42    0       0       0       0       0       0       0       0
17:27:43    0     122    6227      20 1363877   1291K    1081       0
17:27:44    0       0       0       0       0       0       0       0
17:27:45    0       0       0       0       0       0       0       0
17:27:46    0       0       5      20    1082    1025    1081       0
17:27:47    0       0       0       0       0       0       0       0
17:27:48    0     145    7449      20 1611398   1527K    1080       0
17:27:49    0      69    3551      20  769272  727570    1083       0
17:27:50    0       0       0       0       0       0       0       0
17:27:51    0       0       0       0       0       0       0       0
17:27:52    0       0       0       0       0       0       0       0
17:27:53    0      58    2979      20  644313  611392    1079       0
17:27:54    0      71    3626      20  785171  742633    1083       0
17:27:55    0      29    1471      20  318655  302584    1078       0
17:27:56    0      93    4773      20 1042214  986448    1082       0
17:27:57    0       0       0       0       0       0       0       0
17:27:58    0       0       0       0       0       0       0       0

# INFINIBAND STATISTICS (/sec)
#Time     HCA    KBIn   PktIn  SizeIn   KBOut  PktOut SizeOut  Errors
17:27:59    0       0       3      20     779     738    1081       0
17:28:00    0      49    2527      20  549763  521669    1079       0
17:28:01    0      34    1733      20  375391  354650    1084       0
17:28:02    0       0       0       0       0       0       0       0
17:28:03    0       0       0       0       0       0       0       0
17:28:04    0     160    8215      20 1782532   1688K    1081       0
17:28:05    0       0       0       0       0       0       0       0
17:28:06    0     123    6285      20 1360229   1288K    1081       0
17:28:07    0       0       0       0       0       0       0       0
17:28:08    0       0       0       0       0       0       0       0
17:28:09    0       0       0       0       0       0       0       0
17:28:10    0       0       0       0       0       0       0       0
17:28:11    0     214   10955      20 2370932   2245K    1081       0
17:28:12    0       0       0       0       0       0       0       0
17:28:13    0       0       0       0       0       0       0       0
17:28:14    0       0       0       0       0       0       0       0
17:28:15    0       0       0       0       0       0       0       0
17:28:16    0      96    4930      20 1066083   1010K    1080       0
17:28:17    0      35    1760      20  381797  360564    1084       0
17:28:18    0       0       0       0       0       0       0       0
17:28:19    0     123    6285      20 1360229   1288K    1081       0
17:28:20    0       0       0       0       0       0       0       0

# INFINIBAND STATISTICS (/sec)
#Time     HCA    KBIn   PktIn  SizeIn   KBOut  PktOut SizeOut  Errors
17:28:21    0       0       0       0       0       0       0       0
17:28:22    0       0       0       0       0       0       0       0
17:28:23    0     215   10995      20 2379589   2253K    1081       0
17:28:24    0       0       0       0       0       0       0       0
17:28:25    0       0       0       0       0       0       0       0
17:28:26    0       0       0       0       0       0       0       0
17:28:27    0     129    6585      20 1425156   1349K    1081       0
17:28:28    0       0       0       0       0       0       0       0
17:28:29    0     122    6265      20 1355900   1284K    1081       0
17:28:30    0       0       0       0       0       0       0       0
17:28:31    0       0       0       0       0       0       0       0
17:28:32    0       0       0       0       0       0       0       0
17:28:33    0     139    7131      20 1542838   1462K    1080       0
17:28:34    0      75    3844      20  832422  787378    1083       0
17:28:35    0       0       0       0       0       0       0       0
17:28:36    0       0       0       0       0       0       0       0
17:28:37    0      92    4716      20 1021363  968570    1080       0
17:28:38    0      39    1985      20  430577  406727    1084       0
17:28:39    0      74    3773      20  816087  774102    1080       0
17:28:40    0      50    2557      20  553880  523548    1083       0
17:28:41    0       0       0       0       0       0       0       0
17:28:42    0       0       0       0       0       0       0       0

# INFINIBAND STATISTICS (/sec)
#Time     HCA    KBIn   PktIn  SizeIn   KBOut  PktOut SizeOut  Errors
17:28:43    0       6     307      19   65451   63069    1063       0
17:28:44    0     210   10739      20 2326439   2202K    1082       0
17:28:45    0       0       0       0       0       0       0       0
17:28:46    0       0       0       0       0       0       0       0
17:28:47    0       0       0       0       0       0       0       0
17:28:48    0     125    6390      20 1382953   1309K    1081       0
17:28:49    0       0       0       0       0       0       0       0
17:28:50    0     124    6335      20 1372059   1299K    1081       0
17:28:51    0       0       0       0       0       0       0       0
17:28:52    0       0       0       0       0       0       0       0
17:28:53    0       0       0       0       0       0       0       0
17:28:54    0     184    9446      20 2043802   1937K    1080       0
17:28:55    0      24    1219      20  264367  249302    1086       0
17:28:56    0       0       0       0       0       0       0       0
17:28:57    0       0       0       0       0       0       0       0
17:28:58    0     107    5504      20 1190450   1128K    1080       0
17:28:59    0      23    1176      20  255474  240845    1086       0
17:29:00    0      75    3850      20  832780  789903    1080       0
17:29:01    0      47    2405      20  520956  492372    1083       0
17:29:02    0       0       0       0       0       0       0       0
17:29:03    0       0       0       0       0       0       0       0
17:29:04    0       8     416      20   89118   85301    1070       0

# INFINIBAND STATISTICS (/sec)
#Time     HCA    KBIn   PktIn  SizeIn   KBOut  PktOut SizeOut  Errors
17:29:05    0      90    4590      20 1000406  946714    1082       0
17:29:06    0       1      72      18   15069   15382    1003       0
17:29:07    0       8     410      20   88817   83020    1095       0
17:29:08    0       0       0       0       0       0       0       0
17:29:09    0     228   11695      20 2531238   2397K    1081       0
17:29:10    0       0       0       0       0       0       0       0
17:29:11    0     124    6330      20 1369968   1297K    1081       0
17:29:12    0       0       0       0       0       0       0       0
17:29:13    0       0       5      20    1082    1025    1081       0
17:29:14    0       0       0       0       0       0       0       0
17:29:15    0     214   10964      20 2376147   2250K    1081       0
17:29:16    0       0       0       0       0       0       0       0
17:29:17    0       0       0       0       0       0       0       0
17:29:18    0       0       0       0       0       0       0       0
17:29:19    0     114    5827      20 1268540   1202K    1080       0
17:29:20    0      16     799      20  173242  162999    1088       0
17:29:21    0     120    6160      20 1333897   1264K    1080       0
17:29:22    0       3     166      21   36854   33799    1117       0
17:29:23    0       0       0       0       0       0       0       0
17:29:24    0       0       0       0       0       0       0       0
17:29:25    0      61    3145      20  680317  645543    1079       0
17:29:26    0      39    1975      20  431141  407244    1084       0

# INFINIBAND STATISTICS (/sec)
#Time     HCA    KBIn   PktIn  SizeIn   KBOut  PktOut SizeOut  Errors
17:29:27    0       0       0       0       0       0       0       0
17:29:28    0     143    7327      20 1584728   1502K    1080       0
17:29:29    0      37    1899      20  411410  389727    1081       0
17:29:30    0      45    2294      20  499160  471727    1084       0
17:29:31    0       0       0       0       0       0       0       0
17:29:32    0       1      47      16    9099    9736     957       0
17:29:33    0     118    6015      20 1304975   1234K    1082       0
17:29:34    0     124    6332      20 1386926   1313K    1081       0
17:29:35    0       0       0       0       0       0       0       0
17:29:36    0       0       0       0       0       0       0       0
17:29:37    0       0       2      20     389     369    1079       0
17:29:38    0       6     286      20   70410   66693    1081       0
17:29:39    0       0       0       0       0       0       0       0
17:29:40    0       0       0       0       0       0       0       0
17:29:41    0     143    7313      20 1582117   1499K    1080       0
17:29:42    0     149    7624      20 1650646   1562K    1082       0
17:29:43    0       0       0       0       0       0       0       0
17:29:44    0     129    6615      20 1431649   1356K    1081       0
17:29:45    0       0       0       0       0       0       0       0
17:29:46    0     123    6275      20 1358666   1286K    1081       0
17:29:47    0       0       0       0       0       0       0       0
17:29:48    0       0       0       0       0       0       0       0

# INFINIBAND STATISTICS (/sec)
#Time     HCA    KBIn   PktIn  SizeIn   KBOut  PktOut SizeOut  Errors
17:29:49    0       0       0       0       0       0       0       0
17:29:50    0     176    9002      20 1947720   1846K    1080       0
17:29:51    0      39    1968      20  428842  405104    1084       0
17:29:52    0       0       0       0       0       0       0       0
17:29:53    0       0       0       0       0       0       0       0
17:29:54    0     127    6494      20 1405145   1332K    1080       0
17:29:55    0       2      81      21   17875   15823    1157       0
17:29:56    0      95    4877      20 1054864   1000K    1080       0
17:29:57    0      28    1403      20  304283  287096    1085       0
17:29:58    0       0       0       0       0       0       0       0
17:29:59    0       0       0       0       0       0       0       0
17:30:00    0      50    2552      20  552136  524084    1079       0
17:30:01    0     162    8310      20 1799115   1703K    1082       0
17:30:02    0       0       0       0       0       0       0       0
17:30:03    0       0       0       0       0       0       0       0
17:30:04    0       3     187      19   39308   38330    1050       0
17:30:05    0     120    6126      20 1329179   1257K    1082       0
17:30:06    0       0       0       0       0       0       0       0
17:30:07    0      97    4952      20 1065079   1008K    1081       0
17:30:08    0       0       0       0       0       0       0       0
17:30:09    0       0       0       0       0       0       0       0
17:30:10    0       0       0       0       0       0       0       0

# INFINIBAND STATISTICS (/sec)
#Time     HCA    KBIn   PktIn  SizeIn   KBOut  PktOut SizeOut  Errors
17:30:11    0       0       0       0       0       0       0       0
17:30:12    0     218   11136      20 2409994   2282K    1081       0
17:30:13    0       0       0       0       0       0       0       0
17:30:14    0       0       0       0       0       0       0       0
17:30:15    0     213   10885      20 2358090   2233K    1081       0
17:30:16    0       0       0       0       0       0       0       0
17:30:17    0       0       0       0       0       0       0       0
17:30:18    0       0       0       0       0       0       0       0
17:30:19    0     129    6606      20 1430940   1355K    1081       0
17:30:20    0       0       0       0       0       0       0       0
17:30:21    0     123    6310      20 1365639   1293K    1081       0
17:30:22    0       0       0       0       0       0       0       0
17:30:23    0       0       0       0       0       0       0       0
17:30:24    0       0       0       0       0       0       0       0
17:30:25    0     116    5940      20 1286341   1219K    1080       0
17:30:26    0      95    4875      20 1060087   1002K    1082       0
17:30:27    0       0       0       0       0       0       0       0
17:30:28    0       0       0       0       0       0       0       0
17:30:29    0      19     979      20  211499  201417    1075       0
17:30:30    0      26    1308      20  304489  287343    1085       0
17:30:31    0       0       0       0       0       0       0       0
17:30:32    0       1       4     280       0       0       0       0

# INFINIBAND STATISTICS (/sec)
#Time     HCA    KBIn   PktIn  SizeIn   KBOut  PktOut SizeOut  Errors
17:30:33    0       0       0       0     135     129    1075       0
17:30:34    0       0       0       0       0       0       0       0
17:30:35    0       0       0       0       0       0       0       0
17:30:36    0       0       0       0       0       0       0       0
17:30:37    0       0       0       0       0       0       0       0
17:30:38    0       0       0       0     135     129    1075       0
17:30:39    0       0       0       0       0       0       0       0
17:30:40    0       0       0       0       0       0       0       0
17:30:41    0       0       0       0       0       0       0       0
17:30:42    0       0       0       0     135     129    1075       0
17:30:43    0       0       0       0       0       0       0       0
17:30:44    0       0       0       0       0       0       0       0
17:30:45    0       0       0       0       0       0       0       0
17:30:46    0       0       0       0     135     129    1075       0
17:30:47    0       0       0       0       0       0       0       0
17:30:48    0       0       0       0       0       0       0       0
17:30:49    0       0       0       0       0       0       0       0
17:30:50    0       0       0       0       0       0       0       0
17:30:51    0       0       0       0     135     129    1075       0
17:30:52    0       0       0       0       0       0       0       0
17:30:53    0       0       0       0       0       0       0       0
17:30:54    0       0       0       0       0       0       0       0

# INFINIBAND STATISTICS (/sec)
#Time     HCA    KBIn   PktIn  SizeIn   KBOut  PktOut SizeOut  Errors
17:30:55    0       0       0       0     135     129    1075       0
17:30:56    0       0       0       0       0       0       0       0
17:30:57    0       0       0       0       0       0       0       0
17:30:58    0       0       0       0       0       0       0       0
17:30:59    0       0       0       0       1       1    1084       0
17:31:00    0       0       0       0       0       0       0       0
17:31:01    0       0       0       0       0       0       0       0
17:31:02    0       0       0       0       0       0       0       0
17:31:03    0       0       0       0       0       0       0       0
17:31:04    0       0       0       0       0       0       0       0
17:31:05    0       0       0       0       0       0       0       0
17:31:06    0       0       0       0       0       0       0       0
17:31:07    0       0       0       0       0       0       0       0
17:31:08    0       0       0       0       0       0       0       0
17:31:09    0       0       0       0       0       0       0       0
17:31:10    0       0       0       0       0       0       0       0
17:31:11    0       0       0       0       0       0       0       0
17:31:12    0       0       0       0       0       0       0       0
17:31:13    0       0       0       0       0       0       0       0
17:31:14    0       0       0       0       0       0       0       0
17:31:15    0       0       0       0       0       0       0       0
17:31:16    0       0       0       0       0       0       0       0

# INFINIBAND STATISTICS (/sec)
#Time     HCA    KBIn   PktIn  SizeIn   KBOut  PktOut SizeOut  Errors
17:31:17    0       0       0       0       0       0       0       0
17:31:18    0       0       0       0       0       0       0       0
17:31:19    0       0       0       0       0       0       0       0
17:31:20    0       0       0       0       0       0       0       0
17:31:21    0       0       0       0       0       0       0       0
17:31:22    0       0       0       0       0       0       0       0
17:31:23    0       0       0       0       0       0       0       0
Ouch!
